<?xml version="1.0" encoding="UTF-8"?>
<!-- Generated by org.testng.reporters.JUnitReportReporter -->
<testsuite skipped="0" hostname="DESKTOP-KNMA7Q1" name="com.testngexamples.TestInvocationCount" tests="1011" failures="0" timestamp="14 Nov 2017 17:51:53 GMT" time="0.999" errors="26">
  <testcase name="timeout" time="0.000" classname="com.testngexamples.TestInvocationCount"/>
  <testcase name="timeout" time="0.001" classname="com.testngexamples.TestInvocationCount"/>
  <testcase name="timeout" time="0.000" classname="com.testngexamples.TestInvocationCount"/>
  <testcase name="timeout" time="0.001" classname="com.testngexamples.TestInvocationCount"/>
  <testcase name="timeout" time="0.000" classname="com.testngexamples.TestInvocationCount"/>
  <testcase name="timeout" time="0.001" classname="com.testngexamples.TestInvocationCount"/>
  <testcase name="timeout" time="0.001" classname="com.testngexamples.TestInvocationCount"/>
  <testcase name="timeout" time="0.000" classname="com.testngexamples.TestInvocationCount"/>
  <testcase name="timeout" time="0.000" classname="com.testngexamples.TestInvocationCount"/>
  <testcase name="timeout" time="0.001" classname="com.testngexamples.TestInvocationCount"/>
  <testcase name="timeout" time="0.001" classname="com.testngexamples.TestInvocationCount"/>
  <testcase name="timeout" time="0.001" classname="com.testngexamples.TestInvocationCount"/>
  <testcase name="timeout" time="0.000" classname="com.testngexamples.TestInvocationCount"/>
  <testcase name="timeout" time="0.001" classname="com.testngexamples.TestInvocationCount"/>
  <testcase name="timeout" time="0.001" classname="com.testngexamples.TestInvocationCount"/>
  <testcase name="timeout" time="0.001" classname="com.testngexamples.TestInvocationCount"/>
  <testcase name="timeout" time="0.001" classname="com.testngexamples.TestInvocationCount"/>
  <testcase name="timeout" time="0.002" classname="com.testngexamples.TestInvocationCount">
    <error type="java.lang.ArrayIndexOutOfBoundsException" message="0">
      <![CDATA[java.lang.ArrayIndexOutOfBoundsException: 0
	at org.testng.internal.MethodInvocationHelper.invokeWithTimeoutWithNewExecutor(MethodInvocationHelper.java:291)
	at org.testng.internal.MethodInvocationHelper.invokeWithTimeout(MethodInvocationHelper.java:248)
	at org.testng.internal.Invoker.invokeMethod(Invoker.java:675)
	at org.testng.internal.Invoker.invokeTestMethod(Invoker.java:877)
	at org.testng.internal.Invoker.invokeTestMethods(Invoker.java:1201)
	at org.testng.internal.TestMethodWorker.invokeTestMethods(TestMethodWorker.java:125)
	at org.testng.internal.TestMethodWorker.run(TestMethodWorker.java:109)
	at org.testng.TestRunner.privateRun(TestRunner.java:776)
	at org.testng.TestRunner.run(TestRunner.java:634)
	at org.testng.SuiteRunner.runTest(SuiteRunner.java:425)
	at org.testng.SuiteRunner.runSequentially(SuiteRunner.java:420)
	at org.testng.SuiteRunner.privateRun(SuiteRunner.java:385)
	at org.testng.SuiteRunner.run(SuiteRunner.java:334)
	at org.testng.SuiteRunnerWorker.runSuite(SuiteRunnerWorker.java:52)
	at org.testng.SuiteRunnerWorker.run(SuiteRunnerWorker.java:86)
	at org.testng.TestNG.runSuitesSequentially(TestNG.java:1318)
	at org.testng.TestNG.runSuitesLocally(TestNG.java:1243)
	at org.testng.TestNG.runSuites(TestNG.java:1161)
	at org.testng.TestNG.run(TestNG.java:1129)
	at org.testng.remote.AbstractRemoteTestNG.run(AbstractRemoteTestNG.java:114)
	at org.testng.remote.RemoteTestNG.initAndRun(RemoteTestNG.java:251)
	at org.testng.remote.RemoteTestNG.main(RemoteTestNG.java:77)
]]>
    </error>
  </testcase> <!-- timeout -->
  <testcase name="timeout" time="0.001" classname="com.testngexamples.TestInvocationCount"/>
  <testcase name="timeout" time="0.001" classname="com.testngexamples.TestInvocationCount"/>
  <testcase name="timeout" time="0.001" classname="com.testngexamples.TestInvocationCount"/>
  <testcase name="timeout" time="0.001" classname="com.testngexamples.TestInvocationCount"/>
  <testcase name="timeout" time="0.001" classname="com.testngexamples.TestInvocationCount"/>
  <testcase name="timeout" time="0.000" classname="com.testngexamples.TestInvocationCount"/>
  <testcase name="timeout" time="0.005" classname="com.testngexamples.TestInvocationCount">
    <error type="java.lang.ArrayIndexOutOfBoundsException" message="0">
      <![CDATA[java.lang.ArrayIndexOutOfBoundsException: 0
	at org.testng.internal.MethodInvocationHelper.invokeWithTimeoutWithNewExecutor(MethodInvocationHelper.java:291)
	at org.testng.internal.MethodInvocationHelper.invokeWithTimeout(MethodInvocationHelper.java:248)
	at org.testng.internal.Invoker.invokeMethod(Invoker.java:675)
	at org.testng.internal.Invoker.invokeTestMethod(Invoker.java:877)
	at org.testng.internal.Invoker.invokeTestMethods(Invoker.java:1201)
	at org.testng.internal.TestMethodWorker.invokeTestMethods(TestMethodWorker.java:125)
	at org.testng.internal.TestMethodWorker.run(TestMethodWorker.java:109)
	at org.testng.TestRunner.privateRun(TestRunner.java:776)
	at org.testng.TestRunner.run(TestRunner.java:634)
	at org.testng.SuiteRunner.runTest(SuiteRunner.java:425)
	at org.testng.SuiteRunner.runSequentially(SuiteRunner.java:420)
	at org.testng.SuiteRunner.privateRun(SuiteRunner.java:385)
	at org.testng.SuiteRunner.run(SuiteRunner.java:334)
	at org.testng.SuiteRunnerWorker.runSuite(SuiteRunnerWorker.java:52)
	at org.testng.SuiteRunnerWorker.run(SuiteRunnerWorker.java:86)
	at org.testng.TestNG.runSuitesSequentially(TestNG.java:1318)
	at org.testng.TestNG.runSuitesLocally(TestNG.java:1243)
	at org.testng.TestNG.runSuites(TestNG.java:1161)
	at org.testng.TestNG.run(TestNG.java:1129)
	at org.testng.remote.AbstractRemoteTestNG.run(AbstractRemoteTestNG.java:114)
	at org.testng.remote.RemoteTestNG.initAndRun(RemoteTestNG.java:251)
	at org.testng.remote.RemoteTestNG.main(RemoteTestNG.java:77)
]]>
    </error>
  </testcase> <!-- timeout -->
  <testcase name="testInvocationCount" time="0.001" classname="com.testngexamples.TestInvocationCount"/>
  <testcase name="timeout" time="0.002" classname="com.testngexamples.TestInvocationCount"/>
  <testcase name="timeout" time="0.000" classname="com.testngexamples.TestInvocationCount"/>
  <testcase name="timeout" time="0.001" classname="com.testngexamples.TestInvocationCount"/>
  <testcase name="timeout" time="0.001" classname="com.testngexamples.TestInvocationCount"/>
  <testcase name="timeout" time="0.000" classname="com.testngexamples.TestInvocationCount"/>
  <testcase name="timeout" time="0.001" classname="com.testngexamples.TestInvocationCount"/>
  <testcase name="timeout" time="0.001" classname="com.testngexamples.TestInvocationCount"/>
  <testcase name="timeout" time="0.001" classname="com.testngexamples.TestInvocationCount"/>
  <testcase name="timeout" time="0.000" classname="com.testngexamples.TestInvocationCount"/>
  <testcase name="timeout" time="0.000" classname="com.testngexamples.TestInvocationCount"/>
  <testcase name="timeout" time="0.001" classname="com.testngexamples.TestInvocationCount"/>
  <testcase name="timeout" time="0.000" classname="com.testngexamples.TestInvocationCount"/>
  <testcase name="timeout" time="0.001" classname="com.testngexamples.TestInvocationCount"/>
  <testcase name="timeout" time="0.002" classname="com.testngexamples.TestInvocationCount"/>
  <testcase name="timeout" time="0.000" classname="com.testngexamples.TestInvocationCount"/>
  <testcase name="timeout" time="0.000" classname="com.testngexamples.TestInvocationCount"/>
  <testcase name="timeout" time="0.000" classname="com.testngexamples.TestInvocationCount"/>
  <testcase name="timeout" time="0.001" classname="com.testngexamples.TestInvocationCount"/>
  <testcase name="timeout" time="0.001" classname="com.testngexamples.TestInvocationCount"/>
  <testcase name="timeout" time="0.001" classname="com.testngexamples.TestInvocationCount"/>
  <testcase name="timeout" time="0.000" classname="com.testngexamples.TestInvocationCount"/>
  <testcase name="timeout" time="0.001" classname="com.testngexamples.TestInvocationCount"/>
  <testcase name="timeout" time="0.001" classname="com.testngexamples.TestInvocationCount"/>
  <testcase name="timeout" time="0.001" classname="com.testngexamples.TestInvocationCount"/>
  <testcase name="timeout" time="0.001" classname="com.testngexamples.TestInvocationCount"/>
  <testcase name="timeout" time="0.001" classname="com.testngexamples.TestInvocationCount"/>
  <testcase name="timeout" time="0.000" classname="com.testngexamples.TestInvocationCount"/>
  <testcase name="timeout" time="0.001" classname="com.testngexamples.TestInvocationCount"/>
  <testcase name="timeout" time="0.001" classname="com.testngexamples.TestInvocationCount"/>
  <testcase name="timeout" time="0.001" classname="com.testngexamples.TestInvocationCount"/>
  <testcase name="timeout" time="0.000" classname="com.testngexamples.TestInvocationCount"/>
  <testcase name="timeout" time="0.000" classname="com.testngexamples.TestInvocationCount"/>
  <testcase name="timeout" time="0.001" classname="com.testngexamples.TestInvocationCount"/>
  <testcase name="timeout" time="0.001" classname="com.testngexamples.TestInvocationCount"/>
  <testcase name="timeout" time="0.001" classname="com.testngexamples.TestInvocationCount"/>
  <testcase name="timeout" time="0.001" classname="com.testngexamples.TestInvocationCount"/>
  <testcase name="timeout" time="0.002" classname="com.testngexamples.TestInvocationCount"/>
  <testcase name="timeout" time="0.001" classname="com.testngexamples.TestInvocationCount"/>
  <testcase name="timeout" time="0.001" classname="com.testngexamples.TestInvocationCount"/>
  <testcase name="timeout" time="0.001" classname="com.testngexamples.TestInvocationCount"/>
  <testcase name="timeout" time="0.001" classname="com.testngexamples.TestInvocationCount"/>
  <testcase name="timeout" time="0.001" classname="com.testngexamples.TestInvocationCount"/>
  <testcase name="timeout" time="0.000" classname="com.testngexamples.TestInvocationCount"/>
  <testcase name="timeout" time="0.001" classname="com.testngexamples.TestInvocationCount"/>
  <testcase name="timeout" time="0.001" classname="com.testngexamples.TestInvocationCount"/>
  <testcase name="timeout" time="0.001" classname="com.testngexamples.TestInvocationCount"/>
  <testcase name="timeout" time="0.001" classname="com.testngexamples.TestInvocationCount"/>
  <testcase name="timeout" time="0.000" classname="com.testngexamples.TestInvocationCount"/>
  <testcase name="timeout" time="0.000" classname="com.testngexamples.TestInvocationCount"/>
  <testcase name="timeout" time="0.000" classname="com.testngexamples.TestInvocationCount"/>
  <testcase name="timeout" time="0.000" classname="com.testngexamples.TestInvocationCount"/>
  <testcase name="timeout" time="0.001" classname="com.testngexamples.TestInvocationCount"/>
  <testcase name="timeout" time="0.000" classname="com.testngexamples.TestInvocationCount"/>
  <testcase name="timeout" time="0.001" classname="com.testngexamples.TestInvocationCount"/>
  <testcase name="timeout" time="0.001" classname="com.testngexamples.TestInvocationCount"/>
  <testcase name="timeout" time="0.000" classname="com.testngexamples.TestInvocationCount"/>
  <testcase name="timeout" time="0.001" classname="com.testngexamples.TestInvocationCount"/>
  <testcase name="timeout" time="0.001" classname="com.testngexamples.TestInvocationCount"/>
  <testcase name="timeout" time="0.001" classname="com.testngexamples.TestInvocationCount"/>
  <testcase name="timeout" time="0.000" classname="com.testngexamples.TestInvocationCount"/>
  <testcase name="timeout" time="0.001" classname="com.testngexamples.TestInvocationCount"/>
  <testcase name="timeout" time="0.001" classname="com.testngexamples.TestInvocationCount"/>
  <testcase name="timeout" time="0.000" classname="com.testngexamples.TestInvocationCount"/>
  <testcase name="timeout" time="0.000" classname="com.testngexamples.TestInvocationCount"/>
  <testcase name="timeout" time="0.000" classname="com.testngexamples.TestInvocationCount"/>
  <testcase name="timeout" time="0.001" classname="com.testngexamples.TestInvocationCount"/>
  <testcase name="timeout" time="0.003" classname="com.testngexamples.TestInvocationCount"/>
  <testcase name="timeout" time="0.000" classname="com.testngexamples.TestInvocationCount"/>
  <testcase name="timeout" time="0.001" classname="com.testngexamples.TestInvocationCount"/>
  <testcase name="timeout" time="0.001" classname="com.testngexamples.TestInvocationCount"/>
  <testcase name="timeout" time="0.002" classname="com.testngexamples.TestInvocationCount"/>
  <testcase name="timeout" time="0.000" classname="com.testngexamples.TestInvocationCount"/>
  <testcase name="timeout" time="0.001" classname="com.testngexamples.TestInvocationCount"/>
  <testcase name="timeout" time="0.001" classname="com.testngexamples.TestInvocationCount"/>
  <testcase name="timeout" time="0.001" classname="com.testngexamples.TestInvocationCount"/>
  <testcase name="timeout" time="0.001" classname="com.testngexamples.TestInvocationCount"/>
  <testcase name="timeout" time="0.001" classname="com.testngexamples.TestInvocationCount"/>
  <testcase name="timeout" time="0.001" classname="com.testngexamples.TestInvocationCount"/>
  <testcase name="timeout" time="0.000" classname="com.testngexamples.TestInvocationCount"/>
  <testcase name="testInvocationCount" time="0.001" classname="com.testngexamples.TestInvocationCount"/>
  <testcase name="timeout" time="0.001" classname="com.testngexamples.TestInvocationCount"/>
  <testcase name="timeout" time="0.002" classname="com.testngexamples.TestInvocationCount"/>
  <testcase name="timeout" time="0.002" classname="com.testngexamples.TestInvocationCount"/>
  <testcase name="timeout" time="0.001" classname="com.testngexamples.TestInvocationCount"/>
  <testcase name="timeout" time="0.001" classname="com.testngexamples.TestInvocationCount"/>
  <testcase name="timeout" time="0.001" classname="com.testngexamples.TestInvocationCount"/>
  <testcase name="timeout" time="0.001" classname="com.testngexamples.TestInvocationCount"/>
  <testcase name="timeout" time="0.001" classname="com.testngexamples.TestInvocationCount"/>
  <testcase name="timeout" time="0.000" classname="com.testngexamples.TestInvocationCount"/>
  <testcase name="timeout" time="0.001" classname="com.testngexamples.TestInvocationCount"/>
  <testcase name="timeout" time="0.000" classname="com.testngexamples.TestInvocationCount"/>
  <testcase name="timeout" time="0.000" classname="com.testngexamples.TestInvocationCount"/>
  <testcase name="timeout" time="0.001" classname="com.testngexamples.TestInvocationCount"/>
  <testcase name="timeout" time="0.002" classname="com.testngexamples.TestInvocationCount"/>
  <testcase name="timeout" time="0.001" classname="com.testngexamples.TestInvocationCount"/>
  <testcase name="timeout" time="0.001" classname="com.testngexamples.TestInvocationCount"/>
  <testcase name="timeout" time="0.000" classname="com.testngexamples.TestInvocationCount"/>
  <testcase name="timeout" time="0.001" classname="com.testngexamples.TestInvocationCount"/>
  <testcase name="timeout" time="0.001" classname="com.testngexamples.TestInvocationCount"/>
  <testcase name="timeout" time="0.002" classname="com.testngexamples.TestInvocationCount"/>
  <testcase name="timeout" time="0.000" classname="com.testngexamples.TestInvocationCount"/>
  <testcase name="timeout" time="0.001" classname="com.testngexamples.TestInvocationCount"/>
  <testcase name="timeout" time="0.001" classname="com.testngexamples.TestInvocationCount"/>
  <testcase name="timeout" time="0.000" classname="com.testngexamples.TestInvocationCount"/>
  <testcase name="timeout" time="0.001" classname="com.testngexamples.TestInvocationCount"/>
  <testcase name="timeout" time="0.001" classname="com.testngexamples.TestInvocationCount"/>
  <testcase name="timeout" time="0.001" classname="com.testngexamples.TestInvocationCount"/>
  <testcase name="timeout" time="0.001" classname="com.testngexamples.TestInvocationCount"/>
  <testcase name="timeout" time="0.002" classname="com.testngexamples.TestInvocationCount"/>
  <testcase name="timeout" time="0.000" classname="com.testngexamples.TestInvocationCount"/>
  <testcase name="timeout" time="0.000" classname="com.testngexamples.TestInvocationCount"/>
  <testcase name="timeout" time="0.001" classname="com.testngexamples.TestInvocationCount"/>
  <testcase name="timeout" time="0.001" classname="com.testngexamples.TestInvocationCount"/>
  <testcase name="timeout" time="0.002" classname="com.testngexamples.TestInvocationCount"/>
  <testcase name="timeout" time="0.000" classname="com.testngexamples.TestInvocationCount"/>
  <testcase name="timeout" time="0.001" classname="com.testngexamples.TestInvocationCount"/>
  <testcase name="timeout" time="0.000" classname="com.testngexamples.TestInvocationCount"/>
  <testcase name="timeout" time="0.001" classname="com.testngexamples.TestInvocationCount"/>
  <testcase name="timeout" time="0.001" classname="com.testngexamples.TestInvocationCount"/>
  <testcase name="timeout" time="0.000" classname="com.testngexamples.TestInvocationCount"/>
  <testcase name="timeout" time="0.001" classname="com.testngexamples.TestInvocationCount"/>
  <testcase name="timeout" time="0.000" classname="com.testngexamples.TestInvocationCount"/>
  <testcase name="timeout" time="0.000" classname="com.testngexamples.TestInvocationCount"/>
  <testcase name="timeout" time="0.003" classname="com.testngexamples.TestInvocationCount">
    <error type="java.lang.ArrayIndexOutOfBoundsException" message="0">
      <![CDATA[java.lang.ArrayIndexOutOfBoundsException: 0
	at org.testng.internal.MethodInvocationHelper.invokeWithTimeoutWithNewExecutor(MethodInvocationHelper.java:291)
	at org.testng.internal.MethodInvocationHelper.invokeWithTimeout(MethodInvocationHelper.java:248)
	at org.testng.internal.Invoker.invokeMethod(Invoker.java:675)
	at org.testng.internal.Invoker.invokeTestMethod(Invoker.java:877)
	at org.testng.internal.Invoker.invokeTestMethods(Invoker.java:1201)
	at org.testng.internal.TestMethodWorker.invokeTestMethods(TestMethodWorker.java:125)
	at org.testng.internal.TestMethodWorker.run(TestMethodWorker.java:109)
	at org.testng.TestRunner.privateRun(TestRunner.java:776)
	at org.testng.TestRunner.run(TestRunner.java:634)
	at org.testng.SuiteRunner.runTest(SuiteRunner.java:425)
	at org.testng.SuiteRunner.runSequentially(SuiteRunner.java:420)
	at org.testng.SuiteRunner.privateRun(SuiteRunner.java:385)
	at org.testng.SuiteRunner.run(SuiteRunner.java:334)
	at org.testng.SuiteRunnerWorker.runSuite(SuiteRunnerWorker.java:52)
	at org.testng.SuiteRunnerWorker.run(SuiteRunnerWorker.java:86)
	at org.testng.TestNG.runSuitesSequentially(TestNG.java:1318)
	at org.testng.TestNG.runSuitesLocally(TestNG.java:1243)
	at org.testng.TestNG.runSuites(TestNG.java:1161)
	at org.testng.TestNG.run(TestNG.java:1129)
	at org.testng.remote.AbstractRemoteTestNG.run(AbstractRemoteTestNG.java:114)
	at org.testng.remote.RemoteTestNG.initAndRun(RemoteTestNG.java:251)
	at org.testng.remote.RemoteTestNG.main(RemoteTestNG.java:77)
]]>
    </error>
  </testcase> <!-- timeout -->
  <testcase name="timeout" time="0.001" classname="com.testngexamples.TestInvocationCount"/>
  <testcase name="timeout" time="0.000" classname="com.testngexamples.TestInvocationCount"/>
  <testcase name="timeout" time="0.001" classname="com.testngexamples.TestInvocationCount"/>
  <testcase name="timeout" time="0.001" classname="com.testngexamples.TestInvocationCount"/>
  <testcase name="timeout" time="0.001" classname="com.testngexamples.TestInvocationCount"/>
  <testcase name="timeout" time="0.000" classname="com.testngexamples.TestInvocationCount"/>
  <testcase name="timeout" time="0.000" classname="com.testngexamples.TestInvocationCount"/>
  <testcase name="timeout" time="0.000" classname="com.testngexamples.TestInvocationCount"/>
  <testcase name="timeout" time="0.001" classname="com.testngexamples.TestInvocationCount"/>
  <testcase name="timeout" time="0.001" classname="com.testngexamples.TestInvocationCount"/>
  <testcase name="timeout" time="0.001" classname="com.testngexamples.TestInvocationCount"/>
  <testcase name="timeout" time="0.001" classname="com.testngexamples.TestInvocationCount"/>
  <testcase name="timeout" time="0.000" classname="com.testngexamples.TestInvocationCount"/>
  <testcase name="timeout" time="0.002" classname="com.testngexamples.TestInvocationCount">
    <error type="java.lang.ArrayIndexOutOfBoundsException" message="0">
      <![CDATA[java.lang.ArrayIndexOutOfBoundsException: 0
	at org.testng.internal.MethodInvocationHelper.invokeWithTimeoutWithNewExecutor(MethodInvocationHelper.java:291)
	at org.testng.internal.MethodInvocationHelper.invokeWithTimeout(MethodInvocationHelper.java:248)
	at org.testng.internal.Invoker.invokeMethod(Invoker.java:675)
	at org.testng.internal.Invoker.invokeTestMethod(Invoker.java:877)
	at org.testng.internal.Invoker.invokeTestMethods(Invoker.java:1201)
	at org.testng.internal.TestMethodWorker.invokeTestMethods(TestMethodWorker.java:125)
	at org.testng.internal.TestMethodWorker.run(TestMethodWorker.java:109)
	at org.testng.TestRunner.privateRun(TestRunner.java:776)
	at org.testng.TestRunner.run(TestRunner.java:634)
	at org.testng.SuiteRunner.runTest(SuiteRunner.java:425)
	at org.testng.SuiteRunner.runSequentially(SuiteRunner.java:420)
	at org.testng.SuiteRunner.privateRun(SuiteRunner.java:385)
	at org.testng.SuiteRunner.run(SuiteRunner.java:334)
	at org.testng.SuiteRunnerWorker.runSuite(SuiteRunnerWorker.java:52)
	at org.testng.SuiteRunnerWorker.run(SuiteRunnerWorker.java:86)
	at org.testng.TestNG.runSuitesSequentially(TestNG.java:1318)
	at org.testng.TestNG.runSuitesLocally(TestNG.java:1243)
	at org.testng.TestNG.runSuites(TestNG.java:1161)
	at org.testng.TestNG.run(TestNG.java:1129)
	at org.testng.remote.AbstractRemoteTestNG.run(AbstractRemoteTestNG.java:114)
	at org.testng.remote.RemoteTestNG.initAndRun(RemoteTestNG.java:251)
	at org.testng.remote.RemoteTestNG.main(RemoteTestNG.java:77)
]]>
    </error>
  </testcase> <!-- timeout -->
  <testcase name="timeout" time="0.001" classname="com.testngexamples.TestInvocationCount"/>
  <testcase name="timeout" time="0.003" classname="com.testngexamples.TestInvocationCount"/>
  <testcase name="timeout" time="0.000" classname="com.testngexamples.TestInvocationCount"/>
  <testcase name="timeout" time="0.001" classname="com.testngexamples.TestInvocationCount"/>
  <testcase name="timeout" time="0.001" classname="com.testngexamples.TestInvocationCount"/>
  <testcase name="timeout" time="0.001" classname="com.testngexamples.TestInvocationCount"/>
  <testcase name="timeout" time="0.000" classname="com.testngexamples.TestInvocationCount"/>
  <testcase name="timeout" time="0.000" classname="com.testngexamples.TestInvocationCount"/>
  <testcase name="timeout" time="0.001" classname="com.testngexamples.TestInvocationCount"/>
  <testcase name="timeout" time="0.000" classname="com.testngexamples.TestInvocationCount"/>
  <testcase name="timeout" time="0.001" classname="com.testngexamples.TestInvocationCount"/>
  <testcase name="timeout" time="0.001" classname="com.testngexamples.TestInvocationCount"/>
  <testcase name="timeout" time="0.001" classname="com.testngexamples.TestInvocationCount"/>
  <testcase name="timeout" time="0.001" classname="com.testngexamples.TestInvocationCount"/>
  <testcase name="timeout" time="0.001" classname="com.testngexamples.TestInvocationCount"/>
  <testcase name="timeout" time="0.001" classname="com.testngexamples.TestInvocationCount"/>
  <testcase name="timeout" time="0.001" classname="com.testngexamples.TestInvocationCount"/>
  <testcase name="timeout" time="0.001" classname="com.testngexamples.TestInvocationCount"/>
  <testcase name="timeout" time="0.001" classname="com.testngexamples.TestInvocationCount"/>
  <testcase name="timeout" time="0.001" classname="com.testngexamples.TestInvocationCount"/>
  <testcase name="timeout" time="0.000" classname="com.testngexamples.TestInvocationCount"/>
  <testcase name="timeout" time="0.000" classname="com.testngexamples.TestInvocationCount"/>
  <testcase name="timeout" time="0.000" classname="com.testngexamples.TestInvocationCount"/>
  <testcase name="timeout" time="0.000" classname="com.testngexamples.TestInvocationCount"/>
  <testcase name="timeout" time="0.000" classname="com.testngexamples.TestInvocationCount"/>
  <testcase name="timeout" time="0.000" classname="com.testngexamples.TestInvocationCount"/>
  <testcase name="timeout" time="0.001" classname="com.testngexamples.TestInvocationCount"/>
  <testcase name="timeout" time="0.001" classname="com.testngexamples.TestInvocationCount"/>
  <testcase name="timeout" time="0.000" classname="com.testngexamples.TestInvocationCount"/>
  <testcase name="timeout" time="0.001" classname="com.testngexamples.TestInvocationCount"/>
  <testcase name="timeout" time="0.000" classname="com.testngexamples.TestInvocationCount"/>
  <testcase name="timeout" time="0.000" classname="com.testngexamples.TestInvocationCount"/>
  <testcase name="timeout" time="0.001" classname="com.testngexamples.TestInvocationCount"/>
  <testcase name="timeout" time="0.001" classname="com.testngexamples.TestInvocationCount"/>
  <testcase name="timeout" time="0.000" classname="com.testngexamples.TestInvocationCount"/>
  <testcase name="timeout" time="0.001" classname="com.testngexamples.TestInvocationCount"/>
  <testcase name="timeout" time="0.001" classname="com.testngexamples.TestInvocationCount"/>
  <testcase name="timeout" time="0.000" classname="com.testngexamples.TestInvocationCount"/>
  <testcase name="timeout" time="0.001" classname="com.testngexamples.TestInvocationCount"/>
  <testcase name="timeout" time="0.000" classname="com.testngexamples.TestInvocationCount"/>
  <testcase name="timeout" time="0.001" classname="com.testngexamples.TestInvocationCount"/>
  <testcase name="timeout" time="0.000" classname="com.testngexamples.TestInvocationCount"/>
  <testcase name="timeout" time="0.001" classname="com.testngexamples.TestInvocationCount"/>
  <testcase name="timeout" time="0.001" classname="com.testngexamples.TestInvocationCount"/>
  <testcase name="timeout" time="0.001" classname="com.testngexamples.TestInvocationCount"/>
  <testcase name="timeout" time="0.004" classname="com.testngexamples.TestInvocationCount">
    <error type="java.lang.ArrayIndexOutOfBoundsException" message="0">
      <![CDATA[java.lang.ArrayIndexOutOfBoundsException: 0
	at org.testng.internal.MethodInvocationHelper.invokeWithTimeoutWithNewExecutor(MethodInvocationHelper.java:291)
	at org.testng.internal.MethodInvocationHelper.invokeWithTimeout(MethodInvocationHelper.java:248)
	at org.testng.internal.Invoker.invokeMethod(Invoker.java:675)
	at org.testng.internal.Invoker.invokeTestMethod(Invoker.java:877)
	at org.testng.internal.Invoker.invokeTestMethods(Invoker.java:1201)
	at org.testng.internal.TestMethodWorker.invokeTestMethods(TestMethodWorker.java:125)
	at org.testng.internal.TestMethodWorker.run(TestMethodWorker.java:109)
	at org.testng.TestRunner.privateRun(TestRunner.java:776)
	at org.testng.TestRunner.run(TestRunner.java:634)
	at org.testng.SuiteRunner.runTest(SuiteRunner.java:425)
	at org.testng.SuiteRunner.runSequentially(SuiteRunner.java:420)
	at org.testng.SuiteRunner.privateRun(SuiteRunner.java:385)
	at org.testng.SuiteRunner.run(SuiteRunner.java:334)
	at org.testng.SuiteRunnerWorker.runSuite(SuiteRunnerWorker.java:52)
	at org.testng.SuiteRunnerWorker.run(SuiteRunnerWorker.java:86)
	at org.testng.TestNG.runSuitesSequentially(TestNG.java:1318)
	at org.testng.TestNG.runSuitesLocally(TestNG.java:1243)
	at org.testng.TestNG.runSuites(TestNG.java:1161)
	at org.testng.TestNG.run(TestNG.java:1129)
	at org.testng.remote.AbstractRemoteTestNG.run(AbstractRemoteTestNG.java:114)
	at org.testng.remote.RemoteTestNG.initAndRun(RemoteTestNG.java:251)
	at org.testng.remote.RemoteTestNG.main(RemoteTestNG.java:77)
]]>
    </error>
  </testcase> <!-- timeout -->
  <testcase name="timeout" time="0.001" classname="com.testngexamples.TestInvocationCount"/>
  <testcase name="timeout" time="0.001" classname="com.testngexamples.TestInvocationCount"/>
  <testcase name="timeout" time="0.001" classname="com.testngexamples.TestInvocationCount"/>
  <testcase name="testInvocationCount" time="0.006" classname="com.testngexamples.TestInvocationCount"/>
  <testcase name="timeout" time="0.000" classname="com.testngexamples.TestInvocationCount"/>
  <testcase name="timeout" time="0.000" classname="com.testngexamples.TestInvocationCount"/>
  <testcase name="timeout" time="0.001" classname="com.testngexamples.TestInvocationCount"/>
  <testcase name="timeout" time="0.001" classname="com.testngexamples.TestInvocationCount"/>
  <testcase name="timeout" time="0.000" classname="com.testngexamples.TestInvocationCount"/>
  <testcase name="timeout" time="0.001" classname="com.testngexamples.TestInvocationCount"/>
  <testcase name="timeout" time="0.001" classname="com.testngexamples.TestInvocationCount"/>
  <testcase name="timeout" time="0.003" classname="com.testngexamples.TestInvocationCount"/>
  <testcase name="timeout" time="0.001" classname="com.testngexamples.TestInvocationCount"/>
  <testcase name="timeout" time="0.001" classname="com.testngexamples.TestInvocationCount"/>
  <testcase name="timeout" time="0.001" classname="com.testngexamples.TestInvocationCount"/>
  <testcase name="timeout" time="0.000" classname="com.testngexamples.TestInvocationCount"/>
  <testcase name="timeout" time="0.001" classname="com.testngexamples.TestInvocationCount"/>
  <testcase name="timeout" time="0.000" classname="com.testngexamples.TestInvocationCount"/>
  <testcase name="timeout" time="0.001" classname="com.testngexamples.TestInvocationCount"/>
  <testcase name="timeout" time="0.001" classname="com.testngexamples.TestInvocationCount"/>
  <testcase name="timeout" time="0.000" classname="com.testngexamples.TestInvocationCount"/>
  <testcase name="timeout" time="0.000" classname="com.testngexamples.TestInvocationCount"/>
  <testcase name="timeout" time="0.000" classname="com.testngexamples.TestInvocationCount"/>
  <testcase name="timeout" time="0.001" classname="com.testngexamples.TestInvocationCount"/>
  <testcase name="timeout" time="0.000" classname="com.testngexamples.TestInvocationCount"/>
  <testcase name="timeout" time="0.001" classname="com.testngexamples.TestInvocationCount"/>
  <testcase name="timeout" time="0.001" classname="com.testngexamples.TestInvocationCount"/>
  <testcase name="timeout" time="0.002" classname="com.testngexamples.TestInvocationCount"/>
  <testcase name="timeout" time="0.002" classname="com.testngexamples.TestInvocationCount">
    <error type="java.lang.ArrayIndexOutOfBoundsException" message="0">
      <![CDATA[java.lang.ArrayIndexOutOfBoundsException: 0
	at org.testng.internal.MethodInvocationHelper.invokeWithTimeoutWithNewExecutor(MethodInvocationHelper.java:291)
	at org.testng.internal.MethodInvocationHelper.invokeWithTimeout(MethodInvocationHelper.java:248)
	at org.testng.internal.Invoker.invokeMethod(Invoker.java:675)
	at org.testng.internal.Invoker.invokeTestMethod(Invoker.java:877)
	at org.testng.internal.Invoker.invokeTestMethods(Invoker.java:1201)
	at org.testng.internal.TestMethodWorker.invokeTestMethods(TestMethodWorker.java:125)
	at org.testng.internal.TestMethodWorker.run(TestMethodWorker.java:109)
	at org.testng.TestRunner.privateRun(TestRunner.java:776)
	at org.testng.TestRunner.run(TestRunner.java:634)
	at org.testng.SuiteRunner.runTest(SuiteRunner.java:425)
	at org.testng.SuiteRunner.runSequentially(SuiteRunner.java:420)
	at org.testng.SuiteRunner.privateRun(SuiteRunner.java:385)
	at org.testng.SuiteRunner.run(SuiteRunner.java:334)
	at org.testng.SuiteRunnerWorker.runSuite(SuiteRunnerWorker.java:52)
	at org.testng.SuiteRunnerWorker.run(SuiteRunnerWorker.java:86)
	at org.testng.TestNG.runSuitesSequentially(TestNG.java:1318)
	at org.testng.TestNG.runSuitesLocally(TestNG.java:1243)
	at org.testng.TestNG.runSuites(TestNG.java:1161)
	at org.testng.TestNG.run(TestNG.java:1129)
	at org.testng.remote.AbstractRemoteTestNG.run(AbstractRemoteTestNG.java:114)
	at org.testng.remote.RemoteTestNG.initAndRun(RemoteTestNG.java:251)
	at org.testng.remote.RemoteTestNG.main(RemoteTestNG.java:77)
]]>
    </error>
  </testcase> <!-- timeout -->
  <testcase name="timeout" time="0.001" classname="com.testngexamples.TestInvocationCount"/>
  <testcase name="timeout" time="0.000" classname="com.testngexamples.TestInvocationCount"/>
  <testcase name="timeout" time="0.001" classname="com.testngexamples.TestInvocationCount"/>
  <testcase name="timeout" time="0.001" classname="com.testngexamples.TestInvocationCount"/>
  <testcase name="timeout" time="0.001" classname="com.testngexamples.TestInvocationCount"/>
  <testcase name="timeout" time="0.001" classname="com.testngexamples.TestInvocationCount"/>
  <testcase name="timeout" time="0.001" classname="com.testngexamples.TestInvocationCount"/>
  <testcase name="timeout" time="0.001" classname="com.testngexamples.TestInvocationCount"/>
  <testcase name="timeout" time="0.001" classname="com.testngexamples.TestInvocationCount"/>
  <testcase name="timeout" time="0.001" classname="com.testngexamples.TestInvocationCount"/>
  <testcase name="timeout" time="0.001" classname="com.testngexamples.TestInvocationCount"/>
  <testcase name="timeout" time="0.001" classname="com.testngexamples.TestInvocationCount"/>
  <testcase name="timeout" time="0.001" classname="com.testngexamples.TestInvocationCount"/>
  <testcase name="timeout" time="0.000" classname="com.testngexamples.TestInvocationCount"/>
  <testcase name="timeout" time="0.000" classname="com.testngexamples.TestInvocationCount"/>
  <testcase name="timeout" time="0.001" classname="com.testngexamples.TestInvocationCount"/>
  <testcase name="timeout" time="0.001" classname="com.testngexamples.TestInvocationCount"/>
  <testcase name="timeout" time="0.000" classname="com.testngexamples.TestInvocationCount"/>
  <testcase name="timeout" time="0.001" classname="com.testngexamples.TestInvocationCount"/>
  <testcase name="timeout" time="0.001" classname="com.testngexamples.TestInvocationCount"/>
  <testcase name="timeout" time="0.001" classname="com.testngexamples.TestInvocationCount"/>
  <testcase name="timeout" time="0.001" classname="com.testngexamples.TestInvocationCount"/>
  <testcase name="timeout" time="0.001" classname="com.testngexamples.TestInvocationCount"/>
  <testcase name="timeout" time="0.007" classname="com.testngexamples.TestInvocationCount"/>
  <testcase name="timeout" time="0.000" classname="com.testngexamples.TestInvocationCount"/>
  <testcase name="timeout" time="0.001" classname="com.testngexamples.TestInvocationCount"/>
  <testcase name="timeout" time="0.000" classname="com.testngexamples.TestInvocationCount"/>
  <testcase name="timeout" time="0.000" classname="com.testngexamples.TestInvocationCount"/>
  <testcase name="timeout" time="0.000" classname="com.testngexamples.TestInvocationCount"/>
  <testcase name="timeout" time="0.001" classname="com.testngexamples.TestInvocationCount"/>
  <testcase name="timeout" time="0.000" classname="com.testngexamples.TestInvocationCount"/>
  <testcase name="timeout" time="0.001" classname="com.testngexamples.TestInvocationCount"/>
  <testcase name="timeout" time="0.000" classname="com.testngexamples.TestInvocationCount"/>
  <testcase name="timeout" time="0.002" classname="com.testngexamples.TestInvocationCount"/>
  <testcase name="timeout" time="0.001" classname="com.testngexamples.TestInvocationCount"/>
  <testcase name="timeout" time="0.000" classname="com.testngexamples.TestInvocationCount"/>
  <testcase name="timeout" time="0.001" classname="com.testngexamples.TestInvocationCount"/>
  <testcase name="timeout" time="0.003" classname="com.testngexamples.TestInvocationCount">
    <error type="java.lang.ArrayIndexOutOfBoundsException" message="0">
      <![CDATA[java.lang.ArrayIndexOutOfBoundsException: 0
	at org.testng.internal.MethodInvocationHelper.invokeWithTimeoutWithNewExecutor(MethodInvocationHelper.java:291)
	at org.testng.internal.MethodInvocationHelper.invokeWithTimeout(MethodInvocationHelper.java:248)
	at org.testng.internal.Invoker.invokeMethod(Invoker.java:675)
	at org.testng.internal.Invoker.invokeTestMethod(Invoker.java:877)
	at org.testng.internal.Invoker.invokeTestMethods(Invoker.java:1201)
	at org.testng.internal.TestMethodWorker.invokeTestMethods(TestMethodWorker.java:125)
	at org.testng.internal.TestMethodWorker.run(TestMethodWorker.java:109)
	at org.testng.TestRunner.privateRun(TestRunner.java:776)
	at org.testng.TestRunner.run(TestRunner.java:634)
	at org.testng.SuiteRunner.runTest(SuiteRunner.java:425)
	at org.testng.SuiteRunner.runSequentially(SuiteRunner.java:420)
	at org.testng.SuiteRunner.privateRun(SuiteRunner.java:385)
	at org.testng.SuiteRunner.run(SuiteRunner.java:334)
	at org.testng.SuiteRunnerWorker.runSuite(SuiteRunnerWorker.java:52)
	at org.testng.SuiteRunnerWorker.run(SuiteRunnerWorker.java:86)
	at org.testng.TestNG.runSuitesSequentially(TestNG.java:1318)
	at org.testng.TestNG.runSuitesLocally(TestNG.java:1243)
	at org.testng.TestNG.runSuites(TestNG.java:1161)
	at org.testng.TestNG.run(TestNG.java:1129)
	at org.testng.remote.AbstractRemoteTestNG.run(AbstractRemoteTestNG.java:114)
	at org.testng.remote.RemoteTestNG.initAndRun(RemoteTestNG.java:251)
	at org.testng.remote.RemoteTestNG.main(RemoteTestNG.java:77)
]]>
    </error>
  </testcase> <!-- timeout -->
  <testcase name="timeout" time="0.001" classname="com.testngexamples.TestInvocationCount"/>
  <testcase name="timeout" time="0.001" classname="com.testngexamples.TestInvocationCount"/>
  <testcase name="timeout" time="0.002" classname="com.testngexamples.TestInvocationCount">
    <error type="java.lang.ArrayIndexOutOfBoundsException" message="0">
      <![CDATA[java.lang.ArrayIndexOutOfBoundsException: 0
	at org.testng.internal.MethodInvocationHelper.invokeWithTimeoutWithNewExecutor(MethodInvocationHelper.java:291)
	at org.testng.internal.MethodInvocationHelper.invokeWithTimeout(MethodInvocationHelper.java:248)
	at org.testng.internal.Invoker.invokeMethod(Invoker.java:675)
	at org.testng.internal.Invoker.invokeTestMethod(Invoker.java:877)
	at org.testng.internal.Invoker.invokeTestMethods(Invoker.java:1201)
	at org.testng.internal.TestMethodWorker.invokeTestMethods(TestMethodWorker.java:125)
	at org.testng.internal.TestMethodWorker.run(TestMethodWorker.java:109)
	at org.testng.TestRunner.privateRun(TestRunner.java:776)
	at org.testng.TestRunner.run(TestRunner.java:634)
	at org.testng.SuiteRunner.runTest(SuiteRunner.java:425)
	at org.testng.SuiteRunner.runSequentially(SuiteRunner.java:420)
	at org.testng.SuiteRunner.privateRun(SuiteRunner.java:385)
	at org.testng.SuiteRunner.run(SuiteRunner.java:334)
	at org.testng.SuiteRunnerWorker.runSuite(SuiteRunnerWorker.java:52)
	at org.testng.SuiteRunnerWorker.run(SuiteRunnerWorker.java:86)
	at org.testng.TestNG.runSuitesSequentially(TestNG.java:1318)
	at org.testng.TestNG.runSuitesLocally(TestNG.java:1243)
	at org.testng.TestNG.runSuites(TestNG.java:1161)
	at org.testng.TestNG.run(TestNG.java:1129)
	at org.testng.remote.AbstractRemoteTestNG.run(AbstractRemoteTestNG.java:114)
	at org.testng.remote.RemoteTestNG.initAndRun(RemoteTestNG.java:251)
	at org.testng.remote.RemoteTestNG.main(RemoteTestNG.java:77)
]]>
    </error>
  </testcase> <!-- timeout -->
  <testcase name="timeout" time="0.002" classname="com.testngexamples.TestInvocationCount"/>
  <testcase name="timeout" time="0.001" classname="com.testngexamples.TestInvocationCount"/>
  <testcase name="timeout" time="0.000" classname="com.testngexamples.TestInvocationCount"/>
  <testcase name="timeout" time="0.000" classname="com.testngexamples.TestInvocationCount"/>
  <testcase name="timeout" time="0.001" classname="com.testngexamples.TestInvocationCount"/>
  <testcase name="timeout" time="0.001" classname="com.testngexamples.TestInvocationCount"/>
  <testcase name="timeout" time="0.001" classname="com.testngexamples.TestInvocationCount"/>
  <testcase name="timeout" time="0.000" classname="com.testngexamples.TestInvocationCount"/>
  <testcase name="timeout" time="0.001" classname="com.testngexamples.TestInvocationCount"/>
  <testcase name="timeout" time="0.000" classname="com.testngexamples.TestInvocationCount"/>
  <testcase name="timeout" time="0.001" classname="com.testngexamples.TestInvocationCount"/>
  <testcase name="timeout" time="0.001" classname="com.testngexamples.TestInvocationCount"/>
  <testcase name="timeout" time="0.001" classname="com.testngexamples.TestInvocationCount"/>
  <testcase name="timeout" time="0.000" classname="com.testngexamples.TestInvocationCount"/>
  <testcase name="timeout" time="0.000" classname="com.testngexamples.TestInvocationCount"/>
  <testcase name="timeout" time="0.000" classname="com.testngexamples.TestInvocationCount"/>
  <testcase name="timeout" time="0.000" classname="com.testngexamples.TestInvocationCount"/>
  <testcase name="timeout" time="0.001" classname="com.testngexamples.TestInvocationCount"/>
  <testcase name="timeout" time="0.001" classname="com.testngexamples.TestInvocationCount"/>
  <testcase name="timeout" time="0.001" classname="com.testngexamples.TestInvocationCount"/>
  <testcase name="timeout" time="0.000" classname="com.testngexamples.TestInvocationCount"/>
  <testcase name="timeout" time="0.001" classname="com.testngexamples.TestInvocationCount"/>
  <testcase name="timeout" time="0.000" classname="com.testngexamples.TestInvocationCount"/>
  <testcase name="timeout" time="0.001" classname="com.testngexamples.TestInvocationCount"/>
  <testcase name="timeout" time="0.002" classname="com.testngexamples.TestInvocationCount"/>
  <testcase name="timeout" time="0.002" classname="com.testngexamples.TestInvocationCount"/>
  <testcase name="timeout" time="0.000" classname="com.testngexamples.TestInvocationCount"/>
  <testcase name="timeout" time="0.031" classname="com.testngexamples.TestInvocationCount">
    <error type="java.lang.ArrayIndexOutOfBoundsException" message="0">
      <![CDATA[java.lang.ArrayIndexOutOfBoundsException: 0
	at org.testng.internal.MethodInvocationHelper.invokeWithTimeoutWithNewExecutor(MethodInvocationHelper.java:291)
	at org.testng.internal.MethodInvocationHelper.invokeWithTimeout(MethodInvocationHelper.java:248)
	at org.testng.internal.Invoker.invokeMethod(Invoker.java:675)
	at org.testng.internal.Invoker.invokeTestMethod(Invoker.java:877)
	at org.testng.internal.Invoker.invokeTestMethods(Invoker.java:1201)
	at org.testng.internal.TestMethodWorker.invokeTestMethods(TestMethodWorker.java:125)
	at org.testng.internal.TestMethodWorker.run(TestMethodWorker.java:109)
	at org.testng.TestRunner.privateRun(TestRunner.java:776)
	at org.testng.TestRunner.run(TestRunner.java:634)
	at org.testng.SuiteRunner.runTest(SuiteRunner.java:425)
	at org.testng.SuiteRunner.runSequentially(SuiteRunner.java:420)
	at org.testng.SuiteRunner.privateRun(SuiteRunner.java:385)
	at org.testng.SuiteRunner.run(SuiteRunner.java:334)
	at org.testng.SuiteRunnerWorker.runSuite(SuiteRunnerWorker.java:52)
	at org.testng.SuiteRunnerWorker.run(SuiteRunnerWorker.java:86)
	at org.testng.TestNG.runSuitesSequentially(TestNG.java:1318)
	at org.testng.TestNG.runSuitesLocally(TestNG.java:1243)
	at org.testng.TestNG.runSuites(TestNG.java:1161)
	at org.testng.TestNG.run(TestNG.java:1129)
	at org.testng.remote.AbstractRemoteTestNG.run(AbstractRemoteTestNG.java:114)
	at org.testng.remote.RemoteTestNG.initAndRun(RemoteTestNG.java:251)
	at org.testng.remote.RemoteTestNG.main(RemoteTestNG.java:77)
]]>
    </error>
  </testcase> <!-- timeout -->
  <testcase name="timeout" time="0.001" classname="com.testngexamples.TestInvocationCount"/>
  <testcase name="timeout" time="0.000" classname="com.testngexamples.TestInvocationCount"/>
  <testcase name="timeout" time="0.000" classname="com.testngexamples.TestInvocationCount"/>
  <testcase name="timeout" time="0.003" classname="com.testngexamples.TestInvocationCount"/>
  <testcase name="timeout" time="0.000" classname="com.testngexamples.TestInvocationCount"/>
  <testcase name="timeout" time="0.001" classname="com.testngexamples.TestInvocationCount"/>
  <testcase name="timeout" time="0.000" classname="com.testngexamples.TestInvocationCount"/>
  <testcase name="timeout" time="0.001" classname="com.testngexamples.TestInvocationCount"/>
  <testcase name="timeout" time="0.001" classname="com.testngexamples.TestInvocationCount"/>
  <testcase name="timeout" time="0.000" classname="com.testngexamples.TestInvocationCount"/>
  <testcase name="timeout" time="0.001" classname="com.testngexamples.TestInvocationCount"/>
  <testcase name="timeout" time="0.001" classname="com.testngexamples.TestInvocationCount"/>
  <testcase name="timeout" time="0.001" classname="com.testngexamples.TestInvocationCount"/>
  <testcase name="timeout" time="0.001" classname="com.testngexamples.TestInvocationCount"/>
  <testcase name="timeout" time="0.000" classname="com.testngexamples.TestInvocationCount"/>
  <testcase name="timeout" time="0.001" classname="com.testngexamples.TestInvocationCount"/>
  <testcase name="timeout" time="0.001" classname="com.testngexamples.TestInvocationCount"/>
  <testcase name="timeout" time="0.001" classname="com.testngexamples.TestInvocationCount"/>
  <testcase name="timeout" time="0.000" classname="com.testngexamples.TestInvocationCount"/>
  <testcase name="timeout" time="0.000" classname="com.testngexamples.TestInvocationCount"/>
  <testcase name="timeout" time="0.001" classname="com.testngexamples.TestInvocationCount"/>
  <testcase name="timeout" time="0.001" classname="com.testngexamples.TestInvocationCount"/>
  <testcase name="timeout" time="0.001" classname="com.testngexamples.TestInvocationCount"/>
  <testcase name="timeout" time="0.000" classname="com.testngexamples.TestInvocationCount"/>
  <testcase name="timeout" time="0.002" classname="com.testngexamples.TestInvocationCount"/>
  <testcase name="timeout" time="0.000" classname="com.testngexamples.TestInvocationCount"/>
  <testcase name="timeout" time="0.001" classname="com.testngexamples.TestInvocationCount"/>
  <testcase name="timeout" time="0.000" classname="com.testngexamples.TestInvocationCount"/>
  <testcase name="timeout" time="0.000" classname="com.testngexamples.TestInvocationCount"/>
  <testcase name="timeout" time="0.001" classname="com.testngexamples.TestInvocationCount"/>
  <testcase name="timeout" time="0.001" classname="com.testngexamples.TestInvocationCount"/>
  <testcase name="timeout" time="0.000" classname="com.testngexamples.TestInvocationCount"/>
  <testcase name="testInvocationCount" time="0.001" classname="com.testngexamples.TestInvocationCount"/>
  <testcase name="timeout" time="0.001" classname="com.testngexamples.TestInvocationCount"/>
  <testcase name="timeout" time="0.000" classname="com.testngexamples.TestInvocationCount"/>
  <testcase name="timeout" time="0.001" classname="com.testngexamples.TestInvocationCount"/>
  <testcase name="timeout" time="0.001" classname="com.testngexamples.TestInvocationCount"/>
  <testcase name="timeout" time="0.001" classname="com.testngexamples.TestInvocationCount"/>
  <testcase name="timeout" time="0.000" classname="com.testngexamples.TestInvocationCount"/>
  <testcase name="timeout" time="0.001" classname="com.testngexamples.TestInvocationCount"/>
  <testcase name="timeout" time="0.000" classname="com.testngexamples.TestInvocationCount"/>
  <testcase name="timeout" time="0.001" classname="com.testngexamples.TestInvocationCount"/>
  <testcase name="timeout" time="0.001" classname="com.testngexamples.TestInvocationCount"/>
  <testcase name="timeout" time="0.000" classname="com.testngexamples.TestInvocationCount"/>
  <testcase name="timeout" time="0.001" classname="com.testngexamples.TestInvocationCount"/>
  <testcase name="timeout" time="0.001" classname="com.testngexamples.TestInvocationCount"/>
  <testcase name="timeout" time="0.001" classname="com.testngexamples.TestInvocationCount"/>
  <testcase name="timeout" time="0.000" classname="com.testngexamples.TestInvocationCount"/>
  <testcase name="timeout" time="0.000" classname="com.testngexamples.TestInvocationCount"/>
  <testcase name="timeout" time="0.001" classname="com.testngexamples.TestInvocationCount"/>
  <testcase name="timeout" time="0.001" classname="com.testngexamples.TestInvocationCount"/>
  <testcase name="timeout" time="0.001" classname="com.testngexamples.TestInvocationCount"/>
  <testcase name="timeout" time="0.000" classname="com.testngexamples.TestInvocationCount"/>
  <testcase name="timeout" time="0.002" classname="com.testngexamples.TestInvocationCount"/>
  <testcase name="timeout" time="0.002" classname="com.testngexamples.TestInvocationCount"/>
  <testcase name="timeout" time="0.000" classname="com.testngexamples.TestInvocationCount"/>
  <testcase name="timeout" time="0.001" classname="com.testngexamples.TestInvocationCount"/>
  <testcase name="timeout" time="0.001" classname="com.testngexamples.TestInvocationCount"/>
  <testcase name="timeout" time="0.000" classname="com.testngexamples.TestInvocationCount"/>
  <testcase name="timeout" time="0.001" classname="com.testngexamples.TestInvocationCount"/>
  <testcase name="timeout" time="0.001" classname="com.testngexamples.TestInvocationCount"/>
  <testcase name="timeout" time="0.001" classname="com.testngexamples.TestInvocationCount"/>
  <testcase name="timeout" time="0.001" classname="com.testngexamples.TestInvocationCount"/>
  <testcase name="timeout" time="0.001" classname="com.testngexamples.TestInvocationCount"/>
  <testcase name="timeout" time="0.000" classname="com.testngexamples.TestInvocationCount"/>
  <testcase name="timeout" time="0.000" classname="com.testngexamples.TestInvocationCount"/>
  <testcase name="timeout" time="0.001" classname="com.testngexamples.TestInvocationCount"/>
  <testcase name="timeout" time="0.001" classname="com.testngexamples.TestInvocationCount"/>
  <testcase name="timeout" time="0.001" classname="com.testngexamples.TestInvocationCount"/>
  <testcase name="timeout" time="0.001" classname="com.testngexamples.TestInvocationCount"/>
  <testcase name="timeout" time="0.000" classname="com.testngexamples.TestInvocationCount"/>
  <testcase name="timeout" time="0.001" classname="com.testngexamples.TestInvocationCount"/>
  <testcase name="timeout" time="0.001" classname="com.testngexamples.TestInvocationCount"/>
  <testcase name="timeout" time="0.001" classname="com.testngexamples.TestInvocationCount"/>
  <testcase name="timeout" time="0.002" classname="com.testngexamples.TestInvocationCount"/>
  <testcase name="timeout" time="0.001" classname="com.testngexamples.TestInvocationCount"/>
  <testcase name="timeout" time="0.001" classname="com.testngexamples.TestInvocationCount"/>
  <testcase name="timeout" time="0.001" classname="com.testngexamples.TestInvocationCount"/>
  <testcase name="timeout" time="0.002" classname="com.testngexamples.TestInvocationCount"/>
  <testcase name="timeout" time="0.001" classname="com.testngexamples.TestInvocationCount"/>
  <testcase name="timeout" time="0.001" classname="com.testngexamples.TestInvocationCount"/>
  <testcase name="timeout" time="0.000" classname="com.testngexamples.TestInvocationCount"/>
  <testcase name="timeout" time="0.000" classname="com.testngexamples.TestInvocationCount"/>
  <testcase name="timeout" time="0.000" classname="com.testngexamples.TestInvocationCount"/>
  <testcase name="timeout" time="0.000" classname="com.testngexamples.TestInvocationCount"/>
  <testcase name="timeout" time="0.001" classname="com.testngexamples.TestInvocationCount"/>
  <testcase name="timeout" time="0.001" classname="com.testngexamples.TestInvocationCount"/>
  <testcase name="timeout" time="0.000" classname="com.testngexamples.TestInvocationCount"/>
  <testcase name="timeout" time="0.000" classname="com.testngexamples.TestInvocationCount"/>
  <testcase name="timeout" time="0.000" classname="com.testngexamples.TestInvocationCount"/>
  <testcase name="timeout" time="0.002" classname="com.testngexamples.TestInvocationCount"/>
  <testcase name="timeout" time="0.000" classname="com.testngexamples.TestInvocationCount"/>
  <testcase name="timeout" time="0.000" classname="com.testngexamples.TestInvocationCount"/>
  <testcase name="timeout" time="0.001" classname="com.testngexamples.TestInvocationCount"/>
  <testcase name="timeout" time="0.001" classname="com.testngexamples.TestInvocationCount"/>
  <testcase name="timeout" time="0.006" classname="com.testngexamples.TestInvocationCount">
    <error type="java.lang.ArrayIndexOutOfBoundsException" message="0">
      <![CDATA[java.lang.ArrayIndexOutOfBoundsException: 0
	at org.testng.internal.MethodInvocationHelper.invokeWithTimeoutWithNewExecutor(MethodInvocationHelper.java:291)
	at org.testng.internal.MethodInvocationHelper.invokeWithTimeout(MethodInvocationHelper.java:248)
	at org.testng.internal.Invoker.invokeMethod(Invoker.java:675)
	at org.testng.internal.Invoker.invokeTestMethod(Invoker.java:877)
	at org.testng.internal.Invoker.invokeTestMethods(Invoker.java:1201)
	at org.testng.internal.TestMethodWorker.invokeTestMethods(TestMethodWorker.java:125)
	at org.testng.internal.TestMethodWorker.run(TestMethodWorker.java:109)
	at org.testng.TestRunner.privateRun(TestRunner.java:776)
	at org.testng.TestRunner.run(TestRunner.java:634)
	at org.testng.SuiteRunner.runTest(SuiteRunner.java:425)
	at org.testng.SuiteRunner.runSequentially(SuiteRunner.java:420)
	at org.testng.SuiteRunner.privateRun(SuiteRunner.java:385)
	at org.testng.SuiteRunner.run(SuiteRunner.java:334)
	at org.testng.SuiteRunnerWorker.runSuite(SuiteRunnerWorker.java:52)
	at org.testng.SuiteRunnerWorker.run(SuiteRunnerWorker.java:86)
	at org.testng.TestNG.runSuitesSequentially(TestNG.java:1318)
	at org.testng.TestNG.runSuitesLocally(TestNG.java:1243)
	at org.testng.TestNG.runSuites(TestNG.java:1161)
	at org.testng.TestNG.run(TestNG.java:1129)
	at org.testng.remote.AbstractRemoteTestNG.run(AbstractRemoteTestNG.java:114)
	at org.testng.remote.RemoteTestNG.initAndRun(RemoteTestNG.java:251)
	at org.testng.remote.RemoteTestNG.main(RemoteTestNG.java:77)
]]>
    </error>
  </testcase> <!-- timeout -->
  <testcase name="timeout" time="0.000" classname="com.testngexamples.TestInvocationCount"/>
  <testcase name="timeout" time="0.001" classname="com.testngexamples.TestInvocationCount"/>
  <testcase name="timeout" time="0.002" classname="com.testngexamples.TestInvocationCount"/>
  <testcase name="timeout" time="0.001" classname="com.testngexamples.TestInvocationCount"/>
  <testcase name="timeout" time="0.000" classname="com.testngexamples.TestInvocationCount"/>
  <testcase name="timeout" time="0.000" classname="com.testngexamples.TestInvocationCount"/>
  <testcase name="timeout" time="0.001" classname="com.testngexamples.TestInvocationCount"/>
  <testcase name="timeout" time="0.001" classname="com.testngexamples.TestInvocationCount"/>
  <testcase name="timeout" time="0.001" classname="com.testngexamples.TestInvocationCount"/>
  <testcase name="timeout" time="0.001" classname="com.testngexamples.TestInvocationCount"/>
  <testcase name="timeout" time="0.001" classname="com.testngexamples.TestInvocationCount"/>
  <testcase name="timeout" time="0.002" classname="com.testngexamples.TestInvocationCount"/>
  <testcase name="timeout" time="0.001" classname="com.testngexamples.TestInvocationCount"/>
  <testcase name="timeout" time="0.000" classname="com.testngexamples.TestInvocationCount"/>
  <testcase name="timeout" time="0.001" classname="com.testngexamples.TestInvocationCount"/>
  <testcase name="timeout" time="0.000" classname="com.testngexamples.TestInvocationCount"/>
  <testcase name="timeout" time="0.001" classname="com.testngexamples.TestInvocationCount"/>
  <testcase name="timeout" time="0.002" classname="com.testngexamples.TestInvocationCount">
    <error type="java.lang.ArrayIndexOutOfBoundsException" message="0">
      <![CDATA[java.lang.ArrayIndexOutOfBoundsException: 0
	at org.testng.internal.MethodInvocationHelper.invokeWithTimeoutWithNewExecutor(MethodInvocationHelper.java:291)
	at org.testng.internal.MethodInvocationHelper.invokeWithTimeout(MethodInvocationHelper.java:248)
	at org.testng.internal.Invoker.invokeMethod(Invoker.java:675)
	at org.testng.internal.Invoker.invokeTestMethod(Invoker.java:877)
	at org.testng.internal.Invoker.invokeTestMethods(Invoker.java:1201)
	at org.testng.internal.TestMethodWorker.invokeTestMethods(TestMethodWorker.java:125)
	at org.testng.internal.TestMethodWorker.run(TestMethodWorker.java:109)
	at org.testng.TestRunner.privateRun(TestRunner.java:776)
	at org.testng.TestRunner.run(TestRunner.java:634)
	at org.testng.SuiteRunner.runTest(SuiteRunner.java:425)
	at org.testng.SuiteRunner.runSequentially(SuiteRunner.java:420)
	at org.testng.SuiteRunner.privateRun(SuiteRunner.java:385)
	at org.testng.SuiteRunner.run(SuiteRunner.java:334)
	at org.testng.SuiteRunnerWorker.runSuite(SuiteRunnerWorker.java:52)
	at org.testng.SuiteRunnerWorker.run(SuiteRunnerWorker.java:86)
	at org.testng.TestNG.runSuitesSequentially(TestNG.java:1318)
	at org.testng.TestNG.runSuitesLocally(TestNG.java:1243)
	at org.testng.TestNG.runSuites(TestNG.java:1161)
	at org.testng.TestNG.run(TestNG.java:1129)
	at org.testng.remote.AbstractRemoteTestNG.run(AbstractRemoteTestNG.java:114)
	at org.testng.remote.RemoteTestNG.initAndRun(RemoteTestNG.java:251)
	at org.testng.remote.RemoteTestNG.main(RemoteTestNG.java:77)
]]>
    </error>
  </testcase> <!-- timeout -->
  <testcase name="timeout" time="0.000" classname="com.testngexamples.TestInvocationCount"/>
  <testcase name="timeout" time="0.001" classname="com.testngexamples.TestInvocationCount"/>
  <testcase name="timeout" time="0.001" classname="com.testngexamples.TestInvocationCount"/>
  <testcase name="timeout" time="0.001" classname="com.testngexamples.TestInvocationCount"/>
  <testcase name="timeout" time="0.000" classname="com.testngexamples.TestInvocationCount"/>
  <testcase name="timeout" time="0.002" classname="com.testngexamples.TestInvocationCount"/>
  <testcase name="timeout" time="0.001" classname="com.testngexamples.TestInvocationCount"/>
  <testcase name="timeout" time="0.001" classname="com.testngexamples.TestInvocationCount"/>
  <testcase name="timeout" time="0.001" classname="com.testngexamples.TestInvocationCount"/>
  <testcase name="timeout" time="0.001" classname="com.testngexamples.TestInvocationCount"/>
  <testcase name="timeout" time="0.001" classname="com.testngexamples.TestInvocationCount"/>
  <testcase name="timeout" time="0.001" classname="com.testngexamples.TestInvocationCount"/>
  <testcase name="timeout" time="0.001" classname="com.testngexamples.TestInvocationCount"/>
  <testcase name="timeout" time="0.000" classname="com.testngexamples.TestInvocationCount"/>
  <testcase name="timeout" time="0.001" classname="com.testngexamples.TestInvocationCount"/>
  <testcase name="timeout" time="0.002" classname="com.testngexamples.TestInvocationCount"/>
  <testcase name="timeout" time="0.001" classname="com.testngexamples.TestInvocationCount"/>
  <testcase name="timeout" time="0.001" classname="com.testngexamples.TestInvocationCount"/>
  <testcase name="timeout" time="0.001" classname="com.testngexamples.TestInvocationCount"/>
  <testcase name="timeout" time="0.000" classname="com.testngexamples.TestInvocationCount"/>
  <testcase name="timeout" time="0.001" classname="com.testngexamples.TestInvocationCount"/>
  <testcase name="timeout" time="0.001" classname="com.testngexamples.TestInvocationCount"/>
  <testcase name="timeout" time="0.010" classname="com.testngexamples.TestInvocationCount"/>
  <testcase name="timeout" time="0.007" classname="com.testngexamples.TestInvocationCount"/>
  <testcase name="timeout" time="0.000" classname="com.testngexamples.TestInvocationCount"/>
  <testcase name="timeout" time="0.002" classname="com.testngexamples.TestInvocationCount"/>
  <testcase name="timeout" time="0.001" classname="com.testngexamples.TestInvocationCount"/>
  <testcase name="timeout" time="0.000" classname="com.testngexamples.TestInvocationCount"/>
  <testcase name="timeout" time="0.001" classname="com.testngexamples.TestInvocationCount"/>
  <testcase name="timeout" time="0.000" classname="com.testngexamples.TestInvocationCount"/>
  <testcase name="timeout" time="0.001" classname="com.testngexamples.TestInvocationCount"/>
  <testcase name="timeout" time="0.001" classname="com.testngexamples.TestInvocationCount"/>
  <testcase name="timeout" time="0.000" classname="com.testngexamples.TestInvocationCount"/>
  <testcase name="timeout" time="0.001" classname="com.testngexamples.TestInvocationCount"/>
  <testcase name="timeout" time="0.001" classname="com.testngexamples.TestInvocationCount"/>
  <testcase name="timeout" time="0.001" classname="com.testngexamples.TestInvocationCount"/>
  <testcase name="timeout" time="0.001" classname="com.testngexamples.TestInvocationCount"/>
  <testcase name="timeout" time="0.001" classname="com.testngexamples.TestInvocationCount"/>
  <testcase name="timeout" time="0.000" classname="com.testngexamples.TestInvocationCount"/>
  <testcase name="timeout" time="0.001" classname="com.testngexamples.TestInvocationCount"/>
  <testcase name="timeout" time="0.000" classname="com.testngexamples.TestInvocationCount"/>
  <testcase name="timeout" time="0.000" classname="com.testngexamples.TestInvocationCount"/>
  <testcase name="timeout" time="0.001" classname="com.testngexamples.TestInvocationCount"/>
  <testcase name="timeout" time="0.001" classname="com.testngexamples.TestInvocationCount"/>
  <testcase name="timeout" time="0.001" classname="com.testngexamples.TestInvocationCount"/>
  <testcase name="timeout" time="0.002" classname="com.testngexamples.TestInvocationCount"/>
  <testcase name="timeout" time="0.001" classname="com.testngexamples.TestInvocationCount"/>
  <testcase name="timeout" time="0.003" classname="com.testngexamples.TestInvocationCount"/>
  <testcase name="timeout" time="0.001" classname="com.testngexamples.TestInvocationCount"/>
  <testcase name="timeout" time="0.002" classname="com.testngexamples.TestInvocationCount"/>
  <testcase name="timeout" time="0.001" classname="com.testngexamples.TestInvocationCount"/>
  <testcase name="timeout" time="0.001" classname="com.testngexamples.TestInvocationCount"/>
  <testcase name="timeout" time="0.001" classname="com.testngexamples.TestInvocationCount"/>
  <testcase name="timeout" time="0.000" classname="com.testngexamples.TestInvocationCount"/>
  <testcase name="timeout" time="0.001" classname="com.testngexamples.TestInvocationCount"/>
  <testcase name="timeout" time="0.001" classname="com.testngexamples.TestInvocationCount"/>
  <testcase name="timeout" time="0.001" classname="com.testngexamples.TestInvocationCount"/>
  <testcase name="timeout" time="0.001" classname="com.testngexamples.TestInvocationCount"/>
  <testcase name="timeout" time="0.001" classname="com.testngexamples.TestInvocationCount"/>
  <testcase name="timeout" time="0.001" classname="com.testngexamples.TestInvocationCount"/>
  <testcase name="timeout" time="0.001" classname="com.testngexamples.TestInvocationCount"/>
  <testcase name="timeout" time="0.002" classname="com.testngexamples.TestInvocationCount"/>
  <testcase name="timeout" time="0.001" classname="com.testngexamples.TestInvocationCount"/>
  <testcase name="timeout" time="0.000" classname="com.testngexamples.TestInvocationCount"/>
  <testcase name="timeout" time="0.001" classname="com.testngexamples.TestInvocationCount"/>
  <testcase name="timeout" time="0.000" classname="com.testngexamples.TestInvocationCount"/>
  <testcase name="timeout" time="0.000" classname="com.testngexamples.TestInvocationCount"/>
  <testcase name="timeout" time="0.001" classname="com.testngexamples.TestInvocationCount"/>
  <testcase name="timeout" time="0.000" classname="com.testngexamples.TestInvocationCount"/>
  <testcase name="timeout" time="0.002" classname="com.testngexamples.TestInvocationCount"/>
  <testcase name="timeout" time="0.000" classname="com.testngexamples.TestInvocationCount"/>
  <testcase name="timeout" time="0.003" classname="com.testngexamples.TestInvocationCount"/>
  <testcase name="timeout" time="0.001" classname="com.testngexamples.TestInvocationCount"/>
  <testcase name="timeout" time="0.001" classname="com.testngexamples.TestInvocationCount"/>
  <testcase name="timeout" time="0.000" classname="com.testngexamples.TestInvocationCount"/>
  <testcase name="timeout" time="0.001" classname="com.testngexamples.TestInvocationCount"/>
  <testcase name="timeout" time="0.001" classname="com.testngexamples.TestInvocationCount"/>
  <testcase name="timeout" time="0.002" classname="com.testngexamples.TestInvocationCount"/>
  <testcase name="timeout" time="0.001" classname="com.testngexamples.TestInvocationCount"/>
  <testcase name="timeout" time="0.001" classname="com.testngexamples.TestInvocationCount"/>
  <testcase name="timeout" time="0.001" classname="com.testngexamples.TestInvocationCount"/>
  <testcase name="timeout" time="0.001" classname="com.testngexamples.TestInvocationCount"/>
  <testcase name="timeout" time="0.000" classname="com.testngexamples.TestInvocationCount"/>
  <testcase name="timeout" time="0.002" classname="com.testngexamples.TestInvocationCount"/>
  <testcase name="timeout" time="0.000" classname="com.testngexamples.TestInvocationCount"/>
  <testcase name="timeout" time="0.001" classname="com.testngexamples.TestInvocationCount"/>
  <testcase name="testInvocationCount" time="0.001" classname="com.testngexamples.TestInvocationCount"/>
  <testcase name="timeout" time="0.000" classname="com.testngexamples.TestInvocationCount"/>
  <testcase name="timeout" time="0.002" classname="com.testngexamples.TestInvocationCount">
    <error type="java.lang.ArrayIndexOutOfBoundsException" message="0">
      <![CDATA[java.lang.ArrayIndexOutOfBoundsException: 0
	at org.testng.internal.MethodInvocationHelper.invokeWithTimeoutWithNewExecutor(MethodInvocationHelper.java:291)
	at org.testng.internal.MethodInvocationHelper.invokeWithTimeout(MethodInvocationHelper.java:248)
	at org.testng.internal.Invoker.invokeMethod(Invoker.java:675)
	at org.testng.internal.Invoker.invokeTestMethod(Invoker.java:877)
	at org.testng.internal.Invoker.invokeTestMethods(Invoker.java:1201)
	at org.testng.internal.TestMethodWorker.invokeTestMethods(TestMethodWorker.java:125)
	at org.testng.internal.TestMethodWorker.run(TestMethodWorker.java:109)
	at org.testng.TestRunner.privateRun(TestRunner.java:776)
	at org.testng.TestRunner.run(TestRunner.java:634)
	at org.testng.SuiteRunner.runTest(SuiteRunner.java:425)
	at org.testng.SuiteRunner.runSequentially(SuiteRunner.java:420)
	at org.testng.SuiteRunner.privateRun(SuiteRunner.java:385)
	at org.testng.SuiteRunner.run(SuiteRunner.java:334)
	at org.testng.SuiteRunnerWorker.runSuite(SuiteRunnerWorker.java:52)
	at org.testng.SuiteRunnerWorker.run(SuiteRunnerWorker.java:86)
	at org.testng.TestNG.runSuitesSequentially(TestNG.java:1318)
	at org.testng.TestNG.runSuitesLocally(TestNG.java:1243)
	at org.testng.TestNG.runSuites(TestNG.java:1161)
	at org.testng.TestNG.run(TestNG.java:1129)
	at org.testng.remote.AbstractRemoteTestNG.run(AbstractRemoteTestNG.java:114)
	at org.testng.remote.RemoteTestNG.initAndRun(RemoteTestNG.java:251)
	at org.testng.remote.RemoteTestNG.main(RemoteTestNG.java:77)
]]>
    </error>
  </testcase> <!-- timeout -->
  <testcase name="timeout" time="0.000" classname="com.testngexamples.TestInvocationCount"/>
  <testcase name="timeout" time="0.001" classname="com.testngexamples.TestInvocationCount"/>
  <testcase name="timeout" time="0.001" classname="com.testngexamples.TestInvocationCount"/>
  <testcase name="timeout" time="0.002" classname="com.testngexamples.TestInvocationCount"/>
  <testcase name="timeout" time="0.001" classname="com.testngexamples.TestInvocationCount"/>
  <testcase name="timeout" time="0.000" classname="com.testngexamples.TestInvocationCount"/>
  <testcase name="timeout" time="0.001" classname="com.testngexamples.TestInvocationCount"/>
  <testcase name="timeout" time="0.001" classname="com.testngexamples.TestInvocationCount"/>
  <testcase name="timeout" time="0.001" classname="com.testngexamples.TestInvocationCount"/>
  <testcase name="timeout" time="0.001" classname="com.testngexamples.TestInvocationCount"/>
  <testcase name="timeout" time="0.000" classname="com.testngexamples.TestInvocationCount"/>
  <testcase name="timeout" time="0.001" classname="com.testngexamples.TestInvocationCount"/>
  <testcase name="timeout" time="0.002" classname="com.testngexamples.TestInvocationCount"/>
  <testcase name="timeout" time="0.001" classname="com.testngexamples.TestInvocationCount"/>
  <testcase name="timeout" time="0.001" classname="com.testngexamples.TestInvocationCount"/>
  <testcase name="timeout" time="0.001" classname="com.testngexamples.TestInvocationCount"/>
  <testcase name="timeout" time="0.001" classname="com.testngexamples.TestInvocationCount"/>
  <testcase name="timeout" time="0.000" classname="com.testngexamples.TestInvocationCount"/>
  <testcase name="timeout" time="0.001" classname="com.testngexamples.TestInvocationCount"/>
  <testcase name="timeout" time="0.002" classname="com.testngexamples.TestInvocationCount"/>
  <testcase name="timeout" time="0.000" classname="com.testngexamples.TestInvocationCount"/>
  <testcase name="timeout" time="0.001" classname="com.testngexamples.TestInvocationCount"/>
  <testcase name="timeout" time="0.001" classname="com.testngexamples.TestInvocationCount"/>
  <testcase name="timeout" time="0.001" classname="com.testngexamples.TestInvocationCount"/>
  <testcase name="timeout" time="0.000" classname="com.testngexamples.TestInvocationCount"/>
  <testcase name="timeout" time="0.001" classname="com.testngexamples.TestInvocationCount"/>
  <testcase name="timeout" time="0.000" classname="com.testngexamples.TestInvocationCount"/>
  <testcase name="timeout" time="0.000" classname="com.testngexamples.TestInvocationCount"/>
  <testcase name="timeout" time="0.001" classname="com.testngexamples.TestInvocationCount"/>
  <testcase name="timeout" time="0.001" classname="com.testngexamples.TestInvocationCount"/>
  <testcase name="timeout" time="0.000" classname="com.testngexamples.TestInvocationCount"/>
  <testcase name="timeout" time="0.000" classname="com.testngexamples.TestInvocationCount"/>
  <testcase name="timeout" time="0.001" classname="com.testngexamples.TestInvocationCount"/>
  <testcase name="timeout" time="0.001" classname="com.testngexamples.TestInvocationCount"/>
  <testcase name="timeout" time="0.000" classname="com.testngexamples.TestInvocationCount"/>
  <testcase name="timeout" time="0.005" classname="com.testngexamples.TestInvocationCount">
    <error type="java.lang.ArrayIndexOutOfBoundsException" message="0">
      <![CDATA[java.lang.ArrayIndexOutOfBoundsException: 0
	at org.testng.internal.MethodInvocationHelper.invokeWithTimeoutWithNewExecutor(MethodInvocationHelper.java:291)
	at org.testng.internal.MethodInvocationHelper.invokeWithTimeout(MethodInvocationHelper.java:248)
	at org.testng.internal.Invoker.invokeMethod(Invoker.java:675)
	at org.testng.internal.Invoker.invokeTestMethod(Invoker.java:877)
	at org.testng.internal.Invoker.invokeTestMethods(Invoker.java:1201)
	at org.testng.internal.TestMethodWorker.invokeTestMethods(TestMethodWorker.java:125)
	at org.testng.internal.TestMethodWorker.run(TestMethodWorker.java:109)
	at org.testng.TestRunner.privateRun(TestRunner.java:776)
	at org.testng.TestRunner.run(TestRunner.java:634)
	at org.testng.SuiteRunner.runTest(SuiteRunner.java:425)
	at org.testng.SuiteRunner.runSequentially(SuiteRunner.java:420)
	at org.testng.SuiteRunner.privateRun(SuiteRunner.java:385)
	at org.testng.SuiteRunner.run(SuiteRunner.java:334)
	at org.testng.SuiteRunnerWorker.runSuite(SuiteRunnerWorker.java:52)
	at org.testng.SuiteRunnerWorker.run(SuiteRunnerWorker.java:86)
	at org.testng.TestNG.runSuitesSequentially(TestNG.java:1318)
	at org.testng.TestNG.runSuitesLocally(TestNG.java:1243)
	at org.testng.TestNG.runSuites(TestNG.java:1161)
	at org.testng.TestNG.run(TestNG.java:1129)
	at org.testng.remote.AbstractRemoteTestNG.run(AbstractRemoteTestNG.java:114)
	at org.testng.remote.RemoteTestNG.initAndRun(RemoteTestNG.java:251)
	at org.testng.remote.RemoteTestNG.main(RemoteTestNG.java:77)
]]>
    </error>
  </testcase> <!-- timeout -->
  <testcase name="timeout" time="0.000" classname="com.testngexamples.TestInvocationCount"/>
  <testcase name="timeout" time="0.000" classname="com.testngexamples.TestInvocationCount"/>
  <testcase name="timeout" time="0.001" classname="com.testngexamples.TestInvocationCount"/>
  <testcase name="timeout" time="0.003" classname="com.testngexamples.TestInvocationCount"/>
  <testcase name="timeout" time="0.000" classname="com.testngexamples.TestInvocationCount"/>
  <testcase name="timeout" time="0.001" classname="com.testngexamples.TestInvocationCount"/>
  <testcase name="timeout" time="0.002" classname="com.testngexamples.TestInvocationCount"/>
  <testcase name="timeout" time="0.001" classname="com.testngexamples.TestInvocationCount"/>
  <testcase name="timeout" time="0.001" classname="com.testngexamples.TestInvocationCount"/>
  <testcase name="timeout" time="0.000" classname="com.testngexamples.TestInvocationCount"/>
  <testcase name="timeout" time="0.001" classname="com.testngexamples.TestInvocationCount"/>
  <testcase name="timeout" time="0.002" classname="com.testngexamples.TestInvocationCount"/>
  <testcase name="timeout" time="0.001" classname="com.testngexamples.TestInvocationCount"/>
  <testcase name="timeout" time="0.002" classname="com.testngexamples.TestInvocationCount"/>
  <testcase name="timeout" time="0.000" classname="com.testngexamples.TestInvocationCount"/>
  <testcase name="timeout" time="0.001" classname="com.testngexamples.TestInvocationCount"/>
  <testcase name="timeout" time="0.000" classname="com.testngexamples.TestInvocationCount"/>
  <testcase name="timeout" time="0.000" classname="com.testngexamples.TestInvocationCount"/>
  <testcase name="timeout" time="0.000" classname="com.testngexamples.TestInvocationCount"/>
  <testcase name="timeout" time="0.001" classname="com.testngexamples.TestInvocationCount"/>
  <testcase name="timeout" time="0.000" classname="com.testngexamples.TestInvocationCount"/>
  <testcase name="timeout" time="0.004" classname="com.testngexamples.TestInvocationCount">
    <error type="java.lang.ArrayIndexOutOfBoundsException" message="0">
      <![CDATA[java.lang.ArrayIndexOutOfBoundsException: 0
	at org.testng.internal.MethodInvocationHelper.invokeWithTimeoutWithNewExecutor(MethodInvocationHelper.java:291)
	at org.testng.internal.MethodInvocationHelper.invokeWithTimeout(MethodInvocationHelper.java:248)
	at org.testng.internal.Invoker.invokeMethod(Invoker.java:675)
	at org.testng.internal.Invoker.invokeTestMethod(Invoker.java:877)
	at org.testng.internal.Invoker.invokeTestMethods(Invoker.java:1201)
	at org.testng.internal.TestMethodWorker.invokeTestMethods(TestMethodWorker.java:125)
	at org.testng.internal.TestMethodWorker.run(TestMethodWorker.java:109)
	at org.testng.TestRunner.privateRun(TestRunner.java:776)
	at org.testng.TestRunner.run(TestRunner.java:634)
	at org.testng.SuiteRunner.runTest(SuiteRunner.java:425)
	at org.testng.SuiteRunner.runSequentially(SuiteRunner.java:420)
	at org.testng.SuiteRunner.privateRun(SuiteRunner.java:385)
	at org.testng.SuiteRunner.run(SuiteRunner.java:334)
	at org.testng.SuiteRunnerWorker.runSuite(SuiteRunnerWorker.java:52)
	at org.testng.SuiteRunnerWorker.run(SuiteRunnerWorker.java:86)
	at org.testng.TestNG.runSuitesSequentially(TestNG.java:1318)
	at org.testng.TestNG.runSuitesLocally(TestNG.java:1243)
	at org.testng.TestNG.runSuites(TestNG.java:1161)
	at org.testng.TestNG.run(TestNG.java:1129)
	at org.testng.remote.AbstractRemoteTestNG.run(AbstractRemoteTestNG.java:114)
	at org.testng.remote.RemoteTestNG.initAndRun(RemoteTestNG.java:251)
	at org.testng.remote.RemoteTestNG.main(RemoteTestNG.java:77)
]]>
    </error>
  </testcase> <!-- timeout -->
  <testcase name="timeout" time="0.002" classname="com.testngexamples.TestInvocationCount"/>
  <testcase name="timeout" time="0.004" classname="com.testngexamples.TestInvocationCount"/>
  <testcase name="timeout" time="0.001" classname="com.testngexamples.TestInvocationCount"/>
  <testcase name="timeout" time="0.001" classname="com.testngexamples.TestInvocationCount"/>
  <testcase name="timeout" time="0.001" classname="com.testngexamples.TestInvocationCount"/>
  <testcase name="timeout" time="0.000" classname="com.testngexamples.TestInvocationCount"/>
  <testcase name="timeout" time="0.001" classname="com.testngexamples.TestInvocationCount"/>
  <testcase name="testInvocationCount" time="0.001" classname="com.testngexamples.TestInvocationCount"/>
  <testcase name="timeout" time="0.001" classname="com.testngexamples.TestInvocationCount"/>
  <testcase name="timeout" time="0.001" classname="com.testngexamples.TestInvocationCount"/>
  <testcase name="timeout" time="0.000" classname="com.testngexamples.TestInvocationCount"/>
  <testcase name="timeout" time="0.001" classname="com.testngexamples.TestInvocationCount"/>
  <testcase name="timeout" time="0.005" classname="com.testngexamples.TestInvocationCount">
    <error type="java.lang.ArrayIndexOutOfBoundsException" message="0">
      <![CDATA[java.lang.ArrayIndexOutOfBoundsException: 0
	at org.testng.internal.MethodInvocationHelper.invokeWithTimeoutWithNewExecutor(MethodInvocationHelper.java:291)
	at org.testng.internal.MethodInvocationHelper.invokeWithTimeout(MethodInvocationHelper.java:248)
	at org.testng.internal.Invoker.invokeMethod(Invoker.java:675)
	at org.testng.internal.Invoker.invokeTestMethod(Invoker.java:877)
	at org.testng.internal.Invoker.invokeTestMethods(Invoker.java:1201)
	at org.testng.internal.TestMethodWorker.invokeTestMethods(TestMethodWorker.java:125)
	at org.testng.internal.TestMethodWorker.run(TestMethodWorker.java:109)
	at org.testng.TestRunner.privateRun(TestRunner.java:776)
	at org.testng.TestRunner.run(TestRunner.java:634)
	at org.testng.SuiteRunner.runTest(SuiteRunner.java:425)
	at org.testng.SuiteRunner.runSequentially(SuiteRunner.java:420)
	at org.testng.SuiteRunner.privateRun(SuiteRunner.java:385)
	at org.testng.SuiteRunner.run(SuiteRunner.java:334)
	at org.testng.SuiteRunnerWorker.runSuite(SuiteRunnerWorker.java:52)
	at org.testng.SuiteRunnerWorker.run(SuiteRunnerWorker.java:86)
	at org.testng.TestNG.runSuitesSequentially(TestNG.java:1318)
	at org.testng.TestNG.runSuitesLocally(TestNG.java:1243)
	at org.testng.TestNG.runSuites(TestNG.java:1161)
	at org.testng.TestNG.run(TestNG.java:1129)
	at org.testng.remote.AbstractRemoteTestNG.run(AbstractRemoteTestNG.java:114)
	at org.testng.remote.RemoteTestNG.initAndRun(RemoteTestNG.java:251)
	at org.testng.remote.RemoteTestNG.main(RemoteTestNG.java:77)
]]>
    </error>
  </testcase> <!-- timeout -->
  <testcase name="timeout" time="0.002" classname="com.testngexamples.TestInvocationCount"/>
  <testcase name="timeout" time="0.000" classname="com.testngexamples.TestInvocationCount"/>
  <testcase name="timeout" time="0.001" classname="com.testngexamples.TestInvocationCount"/>
  <testcase name="timeout" time="0.000" classname="com.testngexamples.TestInvocationCount"/>
  <testcase name="timeout" time="0.000" classname="com.testngexamples.TestInvocationCount"/>
  <testcase name="timeout" time="0.001" classname="com.testngexamples.TestInvocationCount"/>
  <testcase name="timeout" time="0.000" classname="com.testngexamples.TestInvocationCount"/>
  <testcase name="timeout" time="0.002" classname="com.testngexamples.TestInvocationCount"/>
  <testcase name="timeout" time="0.002" classname="com.testngexamples.TestInvocationCount"/>
[...]
  <testcase name="timeout" time="0.000" classname="com.testngexamples.TestInvocationCount"/>
  <testcase name="timeout" time="0.000" classname="com.testngexamples.TestInvocationCount"/>
  <testcase name="timeout" time="0.002" classname="com.testngexamples.TestInvocationCount">
    <error type="java.lang.ArrayIndexOutOfBoundsException" message="0">
      <![CDATA[java.lang.ArrayIndexOutOfBoundsException: 0
	at org.testng.internal.MethodInvocationHelper.invokeWithTimeoutWithNewExecutor(MethodInvocationHelper.java:291)
	at org.testng.internal.MethodInvocationHelper.invokeWithTimeout(MethodInvocationHelper.java:248)
	at org.testng.internal.Invoker.invokeMethod(Invoker.java:675)
	at org.testng.internal.Invoker.invokeTestMethod(Invoker.java:877)
	at org.testng.internal.Invoker.invokeTestMethods(Invoker.java:1201)
	at org.testng.internal.TestMethodWorker.invokeTestMethods(TestMethodWorker.java:125)
	at org.testng.internal.TestMethodWorker.run(TestMethodWorker.java:109)
	at org.testng.TestRunner.privateRun(TestRunner.java:776)
	at org.testng.TestRunner.run(TestRunner.java:634)
	at org.testng.SuiteRunner.runTest(SuiteRunner.java:425)
	at org.testng.SuiteRunner.runSequentially(SuiteRunner.java:420)
	at org.testng.SuiteRunner.privateRun(SuiteRunner.java:385)
	at org.testng.SuiteRunner.run(SuiteRunner.java:334)
	at org.testng.SuiteRunnerWorker.runSuite(SuiteRunnerWorker.java:52)
	at org.testng.SuiteRunnerWorker.run(SuiteRunnerWorker.java:86)
	at org.testng.TestNG.runSuitesSequentially(TestNG.java:1318)
	at org.testng.TestNG.runSuitesLocally(TestNG.java:1243)
	at org.testng.TestNG.runSuites(TestNG.java:1161)
	at org.testng.TestNG.run(TestNG.java:1129)
	at org.testng.remote.AbstractRemoteTestNG.run(AbstractRemoteTestNG.java:114)
	at org.testng.remote.RemoteTestNG.initAndRun(RemoteTestNG.java:251)
	at org.testng.remote.RemoteTestNG.main(RemoteTestNG.java:77)
]]>
    </error>
  </testcase> <!-- timeout -->
  <testcase name="timeout" time="0.001" classname="com.testngexamples.TestInvocationCount"/>
  <testcase name="timeout" time="0.002" classname="com.testngexamples.TestInvocationCount">
    <error type="java.lang.ArrayIndexOutOfBoundsException" message="0">
      <![CDATA[java.lang.ArrayIndexOutOfBoundsException: 0
	at org.testng.internal.MethodInvocationHelper.invokeWithTimeoutWithNewExecutor(MethodInvocationHelper.java:291)
	at org.testng.internal.MethodInvocationHelper.invokeWithTimeout(MethodInvocationHelper.java:248)
	at org.testng.internal.Invoker.invokeMethod(Invoker.java:675)
	at org.testng.internal.Invoker.invokeTestMethod(Invoker.java:877)
	at org.testng.internal.Invoker.invokeTestMethods(Invoker.java:1201)
	at org.testng.internal.TestMethodWorker.invokeTestMethods(TestMethodWorker.java:125)
	at org.testng.internal.TestMethodWorker.run(TestMethodWorker.java:109)
	at org.testng.TestRunner.privateRun(TestRunner.java:776)
	at org.testng.TestRunner.run(TestRunner.java:634)
	at org.testng.SuiteRunner.runTest(SuiteRunner.java:425)
	at org.testng.SuiteRunner.runSequentially(SuiteRunner.java:420)
	at org.testng.SuiteRunner.privateRun(SuiteRunner.java:385)
	at org.testng.SuiteRunner.run(SuiteRunner.java:334)
	at org.testng.SuiteRunnerWorker.runSuite(SuiteRunnerWorker.java:52)
	at org.testng.SuiteRunnerWorker.run(SuiteRunnerWorker.java:86)
	at org.testng.TestNG.runSuitesSequentially(TestNG.java:1318)
	at org.testng.TestNG.runSuitesLocally(TestNG.java:1243)
	at org.testng.TestNG.runSuites(TestNG.java:1161)
	at org.testng.TestNG.run(TestNG.java:1129)
	at org.testng.remote.AbstractRemoteTestNG.run(AbstractRemoteTestNG.java:114)
	at org.testng.remote.RemoteTestNG.initAndRun(RemoteTestNG.java:251)
	at org.testng.remote.RemoteTestNG.main(RemoteTestNG.java:77)
]]>
    </error>
  </testcase> <!-- timeout -->
  <testcase name="timeout" time="0.000" classname="com.testngexamples.TestInvocationCount"/>
  <testcase name="timeout" time="0.002" classname="com.testngexamples.TestInvocationCount"/>
  <testcase name="timeout" time="0.001" classname="com.testngexamples.TestInvocationCount"/>
  <testcase name="timeout" time="0.000" classname="com.testngexamples.TestInvocationCount"/>
  <testcase name="timeout" time="0.000" classname="com.testngexamples.TestInvocationCount"/>
  <testcase name="timeout" time="0.001" classname="com.testngexamples.TestInvocationCount"/>
  <testcase name="timeout" time="0.001" classname="com.testngexamples.TestInvocationCount"/>
  <testcase name="timeout" time="0.001" classname="com.testngexamples.TestInvocationCount"/>
  <testcase name="timeout" time="0.001" classname="com.testngexamples.TestInvocationCount"/>
  <testcase name="timeout" time="0.001" classname="com.testngexamples.TestInvocationCount"/>
  <testcase name="timeout" time="0.001" classname="com.testngexamples.TestInvocationCount"/>
  <testcase name="timeout" time="0.001" classname="com.testngexamples.TestInvocationCount"/>
  <testcase name="timeout" time="0.001" classname="com.testngexamples.TestInvocationCount"/>
  <testcase name="timeout" time="0.001" classname="com.testngexamples.TestInvocationCount"/>
  <testcase name="timeout" time="0.002" classname="com.testngexamples.TestInvocationCount"/>
  <testcase name="timeout" time="0.001" classname="com.testngexamples.TestInvocationCount"/>
  <testcase name="timeout" time="0.000" classname="com.testngexamples.TestInvocationCount"/>
  <testcase name="timeout" time="0.001" classname="com.testngexamples.TestInvocationCount"/>
  <testcase name="timeout" time="0.001" classname="com.testngexamples.TestInvocationCount"/>
  <testcase name="timeout" time="0.001" classname="com.testngexamples.TestInvocationCount"/>
  <testcase name="timeout" time="0.001" classname="com.testngexamples.TestInvocationCount"/>
  <testcase name="timeout" time="0.001" classname="com.testngexamples.TestInvocationCount"/>
  <testcase name="timeout" time="0.001" classname="com.testngexamples.TestInvocationCount"/>
  <testcase name="timeout" time="0.000" classname="com.testngexamples.TestInvocationCount"/>
  <testcase name="timeout" time="0.001" classname="com.testngexamples.TestInvocationCount"/>
  <testcase name="timeout" time="0.001" classname="com.testngexamples.TestInvocationCount"/>
  <testcase name="timeout" time="0.001" classname="com.testngexamples.TestInvocationCount"/>
  <testcase name="timeout" time="0.001" classname="com.testngexamples.TestInvocationCount"/>
  <testcase name="timeout" time="0.001" classname="com.testngexamples.TestInvocationCount"/>
  <testcase name="timeout" time="0.001" classname="com.testngexamples.TestInvocationCount"/>
  <testcase name="timeout" time="0.001" classname="com.testngexamples.TestInvocationCount"/>
  <testcase name="timeout" time="0.000" classname="com.testngexamples.TestInvocationCount"/>
  <testcase name="timeout" time="0.001" classname="com.testngexamples.TestInvocationCount"/>
  <testcase name="timeout" time="0.001" classname="com.testngexamples.TestInvocationCount"/>
  <testcase name="timeout" time="0.001" classname="com.testngexamples.TestInvocationCount"/>
  <testcase name="timeout" time="0.001" classname="com.testngexamples.TestInvocationCount"/>
  <testcase name="timeout" time="0.001" classname="com.testngexamples.TestInvocationCount"/>
  <testcase name="timeout" time="0.001" classname="com.testngexamples.TestInvocationCount"/>
  <testcase name="timeout" time="0.001" classname="com.testngexamples.TestInvocationCount"/>
  <testcase name="timeout" time="0.003" classname="com.testngexamples.TestInvocationCount"/>
  <testcase name="timeout" time="0.001" classname="com.testngexamples.TestInvocationCount"/>
  <testcase name="timeout" time="0.001" classname="com.testngexamples.TestInvocationCount"/>
  <testcase name="timeout" time="0.002" classname="com.testngexamples.TestInvocationCount"/>
  <testcase name="timeout" time="0.000" classname="com.testngexamples.TestInvocationCount"/>
  <testcase name="timeout" time="0.001" classname="com.testngexamples.TestInvocationCount"/>
  <testcase name="timeout" time="0.001" classname="com.testngexamples.TestInvocationCount"/>
  <testcase name="timeout" time="0.007" classname="com.testngexamples.TestInvocationCount"/>
  <testcase name="timeout" time="0.001" classname="com.testngexamples.TestInvocationCount"/>
  <testcase name="timeout" time="0.001" classname="com.testngexamples.TestInvocationCount"/>
  <testcase name="timeout" time="0.001" classname="com.testngexamples.TestInvocationCount"/>
  <testcase name="timeout" time="0.002" classname="com.testngexamples.TestInvocationCount">
    <error type="java.lang.ArrayIndexOutOfBoundsException" message="0">
      <![CDATA[java.lang.ArrayIndexOutOfBoundsException: 0
	at org.testng.internal.MethodInvocationHelper.invokeWithTimeoutWithNewExecutor(MethodInvocationHelper.java:291)
	at org.testng.internal.MethodInvocationHelper.invokeWithTimeout(MethodInvocationHelper.java:248)
	at org.testng.internal.Invoker.invokeMethod(Invoker.java:675)
	at org.testng.internal.Invoker.invokeTestMethod(Invoker.java:877)
	at org.testng.internal.Invoker.invokeTestMethods(Invoker.java:1201)
	at org.testng.internal.TestMethodWorker.invokeTestMethods(TestMethodWorker.java:125)
	at org.testng.internal.TestMethodWorker.run(TestMethodWorker.java:109)
	at org.testng.TestRunner.privateRun(TestRunner.java:776)
	at org.testng.TestRunner.run(TestRunner.java:634)
	at org.testng.SuiteRunner.runTest(SuiteRunner.java:425)
	at org.testng.SuiteRunner.runSequentially(SuiteRunner.java:420)
	at org.testng.SuiteRunner.privateRun(SuiteRunner.java:385)
	at org.testng.SuiteRunner.run(SuiteRunner.java:334)
	at org.testng.SuiteRunnerWorker.runSuite(SuiteRunnerWorker.java:52)
	at org.testng.SuiteRunnerWorker.run(SuiteRunnerWorker.java:86)
	at org.testng.TestNG.runSuitesSequentially(TestNG.java:1318)
	at org.testng.TestNG.runSuitesLocally(TestNG.java:1243)
	at org.testng.TestNG.runSuites(TestNG.java:1161)
	at org.testng.TestNG.run(TestNG.java:1129)
	at org.testng.remote.AbstractRemoteTestNG.run(AbstractRemoteTestNG.java:114)
	at org.testng.remote.RemoteTestNG.initAndRun(RemoteTestNG.java:251)
	at org.testng.remote.RemoteTestNG.main(RemoteTestNG.java:77)
]]>
    </error>
  </testcase> <!-- timeout -->
  <testcase name="timeout" time="0.002" classname="com.testngexamples.TestInvocationCount"/>
  <testcase name="timeout" time="0.001" classname="com.testngexamples.TestInvocationCount"/>
  <testcase name="timeout" time="0.001" classname="com.testngexamples.TestInvocationCount"/>
  <testcase name="timeout" time="0.001" classname="com.testngexamples.TestInvocationCount"/>
  <testcase name="timeout" time="0.000" classname="com.testngexamples.TestInvocationCount"/>
  <testcase name="timeout" time="0.001" classname="com.testngexamples.TestInvocationCount"/>
  <testcase name="timeout" time="0.001" classname="com.testngexamples.TestInvocationCount"/>
  <testcase name="timeout" time="0.000" classname="com.testngexamples.TestInvocationCount"/>
  <testcase name="timeout" time="0.001" classname="com.testngexamples.TestInvocationCount"/>
  <testcase name="timeout" time="0.000" classname="com.testngexamples.TestInvocationCount"/>
  <testcase name="timeout" time="0.002" classname="com.testngexamples.TestInvocationCount">
    <error type="java.lang.ArrayIndexOutOfBoundsException" message="0">
      <![CDATA[java.lang.ArrayIndexOutOfBoundsException: 0
	at org.testng.internal.MethodInvocationHelper.invokeWithTimeoutWithNewExecutor(MethodInvocationHelper.java:291)
	at org.testng.internal.MethodInvocationHelper.invokeWithTimeout(MethodInvocationHelper.java:248)
	at org.testng.internal.Invoker.invokeMethod(Invoker.java:675)
	at org.testng.internal.Invoker.invokeTestMethod(Invoker.java:877)
	at org.testng.internal.Invoker.invokeTestMethods(Invoker.java:1201)
	at org.testng.internal.TestMethodWorker.invokeTestMethods(TestMethodWorker.java:125)
	at org.testng.internal.TestMethodWorker.run(TestMethodWorker.java:109)
	at org.testng.TestRunner.privateRun(TestRunner.java:776)
	at org.testng.TestRunner.run(TestRunner.java:634)
	at org.testng.SuiteRunner.runTest(SuiteRunner.java:425)
	at org.testng.SuiteRunner.runSequentially(SuiteRunner.java:420)
	at org.testng.SuiteRunner.privateRun(SuiteRunner.java:385)
	at org.testng.SuiteRunner.run(SuiteRunner.java:334)
	at org.testng.SuiteRunnerWorker.runSuite(SuiteRunnerWorker.java:52)
	at org.testng.SuiteRunnerWorker.run(SuiteRunnerWorker.java:86)
	at org.testng.TestNG.runSuitesSequentially(TestNG.java:1318)
	at org.testng.TestNG.runSuitesLocally(TestNG.java:1243)
	at org.testng.TestNG.runSuites(TestNG.java:1161)
	at org.testng.TestNG.run(TestNG.java:1129)
	at org.testng.remote.AbstractRemoteTestNG.run(AbstractRemoteTestNG.java:114)
	at org.testng.remote.RemoteTestNG.initAndRun(RemoteTestNG.java:251)
	at org.testng.remote.RemoteTestNG.main(RemoteTestNG.java:77)
]]>
    </error>
  </testcase> <!-- timeout -->
  <testcase name="timeout" time="0.001" classname="com.testngexamples.TestInvocationCount"/>
  <testcase name="timeout" time="0.000" classname="com.testngexamples.TestInvocationCount"/>
  <testcase name="timeout" time="0.001" classname="com.testngexamples.TestInvocationCount"/>
  <testcase name="timeout" time="0.000" classname="com.testngexamples.TestInvocationCount"/>
  <testcase name="timeout" time="0.001" classname="com.testngexamples.TestInvocationCount"/>
  <testcase name="timeout" time="0.001" classname="com.testngexamples.TestInvocationCount"/>
  <testcase name="timeout" time="0.003" classname="com.testngexamples.TestInvocationCount">
    <error type="java.lang.ArrayIndexOutOfBoundsException" message="0">
      <![CDATA[java.lang.ArrayIndexOutOfBoundsException: 0
	at org.testng.internal.MethodInvocationHelper.invokeWithTimeoutWithNewExecutor(MethodInvocationHelper.java:291)
	at org.testng.internal.MethodInvocationHelper.invokeWithTimeout(MethodInvocationHelper.java:248)
	at org.testng.internal.Invoker.invokeMethod(Invoker.java:675)
	at org.testng.internal.Invoker.invokeTestMethod(Invoker.java:877)
	at org.testng.internal.Invoker.invokeTestMethods(Invoker.java:1201)
	at org.testng.internal.TestMethodWorker.invokeTestMethods(TestMethodWorker.java:125)
	at org.testng.internal.TestMethodWorker.run(TestMethodWorker.java:109)
	at org.testng.TestRunner.privateRun(TestRunner.java:776)
	at org.testng.TestRunner.run(TestRunner.java:634)
	at org.testng.SuiteRunner.runTest(SuiteRunner.java:425)
	at org.testng.SuiteRunner.runSequentially(SuiteRunner.java:420)
	at org.testng.SuiteRunner.privateRun(SuiteRunner.java:385)
	at org.testng.SuiteRunner.run(SuiteRunner.java:334)
	at org.testng.SuiteRunnerWorker.runSuite(SuiteRunnerWorker.java:52)
	at org.testng.SuiteRunnerWorker.run(SuiteRunnerWorker.java:86)
	at org.testng.TestNG.runSuitesSequentially(TestNG.java:1318)
	at org.testng.TestNG.runSuitesLocally(TestNG.java:1243)
	at org.testng.TestNG.runSuites(TestNG.java:1161)
	at org.testng.TestNG.run(TestNG.java:1129)
	at org.testng.remote.AbstractRemoteTestNG.run(AbstractRemoteTestNG.java:114)
	at org.testng.remote.RemoteTestNG.initAndRun(RemoteTestNG.java:251)
	at org.testng.remote.RemoteTestNG.main(RemoteTestNG.java:77)
]]>
    </error>
  </testcase> <!-- timeout -->
  <testcase name="timeout" time="0.001" classname="com.testngexamples.TestInvocationCount"/>
  <testcase name="timeout" time="0.001" classname="com.testngexamples.TestInvocationCount"/>
  <testcase name="timeout" time="0.000" classname="com.testngexamples.TestInvocationCount"/>
  <testcase name="timeout" time="0.000" classname="com.testngexamples.TestInvocationCount"/>
  <testcase name="timeout" time="0.001" classname="com.testngexamples.TestInvocationCount"/>
  <testcase name="timeout" time="0.000" classname="com.testngexamples.TestInvocationCount"/>
  <testcase name="timeout" time="0.001" classname="com.testngexamples.TestInvocationCount"/>
  <testcase name="timeout" time="0.001" classname="com.testngexamples.TestInvocationCount"/>
  <testcase name="timeout" time="0.001" classname="com.testngexamples.TestInvocationCount"/>
  <testcase name="timeout" time="0.000" classname="com.testngexamples.TestInvocationCount"/>
  <testcase name="timeout" time="0.003" classname="com.testngexamples.TestInvocationCount">
    <error type="java.lang.ArrayIndexOutOfBoundsException" message="0">
      <![CDATA[java.lang.ArrayIndexOutOfBoundsException: 0
	at org.testng.internal.MethodInvocationHelper.invokeWithTimeoutWithNewExecutor(MethodInvocationHelper.java:291)
	at org.testng.internal.MethodInvocationHelper.invokeWithTimeout(MethodInvocationHelper.java:248)
	at org.testng.internal.Invoker.invokeMethod(Invoker.java:675)
	at org.testng.internal.Invoker.invokeTestMethod(Invoker.java:877)
	at org.testng.internal.Invoker.invokeTestMethods(Invoker.java:1201)
	at org.testng.internal.TestMethodWorker.invokeTestMethods(TestMethodWorker.java:125)
	at org.testng.internal.TestMethodWorker.run(TestMethodWorker.java:109)
	at org.testng.TestRunner.privateRun(TestRunner.java:776)
	at org.testng.TestRunner.run(TestRunner.java:634)
	at org.testng.SuiteRunner.runTest(SuiteRunner.java:425)
	at org.testng.SuiteRunner.runSequentially(SuiteRunner.java:420)
	at org.testng.SuiteRunner.privateRun(SuiteRunner.java:385)
	at org.testng.SuiteRunner.run(SuiteRunner.java:334)
	at org.testng.SuiteRunnerWorker.runSuite(SuiteRunnerWorker.java:52)
	at org.testng.SuiteRunnerWorker.run(SuiteRunnerWorker.java:86)
	at org.testng.TestNG.runSuitesSequentially(TestNG.java:1318)
	at org.testng.TestNG.runSuitesLocally(TestNG.java:1243)
	at org.testng.TestNG.runSuites(TestNG.java:1161)
	at org.testng.TestNG.run(TestNG.java:1129)
	at org.testng.remote.AbstractRemoteTestNG.run(AbstractRemoteTestNG.java:114)
	at org.testng.remote.RemoteTestNG.initAndRun(RemoteTestNG.java:251)
	at org.testng.remote.RemoteTestNG.main(RemoteTestNG.java:77)
]]>
    </error>
  </testcase> <!-- timeout -->
  <testcase name="timeout" time="0.001" classname="com.testngexamples.TestInvocationCount"/>
  <testcase name="timeout" time="0.001" classname="com.testngexamples.TestInvocationCount"/>
  <testcase name="timeout" time="0.000" classname="com.testngexamples.TestInvocationCount"/>
  <testcase name="timeout" time="0.001" classname="com.testngexamples.TestInvocationCount"/>
  <testcase name="timeout" time="0.001" classname="com.testngexamples.TestInvocationCount"/>
  <testcase name="timeout" time="0.002" classname="com.testngexamples.TestInvocationCount"/>
  <testcase name="timeout" time="0.001" classname="com.testngexamples.TestInvocationCount"/>
  <testcase name="timeout" time="0.001" classname="com.testngexamples.TestInvocationCount"/>
  <testcase name="timeout" time="0.002" classname="com.testngexamples.TestInvocationCount"/>
  <testcase name="timeout" time="0.001" classname="com.testngexamples.TestInvocationCount"/>
  <testcase name="timeout" time="0.000" classname="com.testngexamples.TestInvocationCount"/>
  <testcase name="timeout" time="0.001" classname="com.testngexamples.TestInvocationCount"/>
  <testcase name="timeout" time="0.001" classname="com.testngexamples.TestInvocationCount"/>
  <testcase name="timeout" time="0.001" classname="com.testngexamples.TestInvocationCount"/>
  <testcase name="timeout" time="0.000" classname="com.testngexamples.TestInvocationCount"/>
  <testcase name="timeout" time="0.000" classname="com.testngexamples.TestInvocationCount"/>
  <testcase name="timeout" time="0.001" classname="com.testngexamples.TestInvocationCount"/>
  <testcase name="timeout" time="0.001" classname="com.testngexamples.TestInvocationCount"/>
  <testcase name="timeout" time="0.000" classname="com.testngexamples.TestInvocationCount"/>
  <testcase name="timeout" time="0.001" classname="com.testngexamples.TestInvocationCount"/>
  <testcase name="timeout" time="0.000" classname="com.testngexamples.TestInvocationCount"/>
  <testcase name="timeout" time="0.001" classname="com.testngexamples.TestInvocationCount"/>
  <testcase name="timeout" time="0.024" classname="com.testngexamples.TestInvocationCount"/>
</testsuite> <!-- com.testngexamples.TestInvocationCount -->
